/Users/drhoffma/PycharmProjects/v51/venv/bin/python /Users/drhoffma/PycharmProjects/v51/insect_classification/fo_load_dataset_w_confidence_batch.py
2024-04-03 21:52:35,010 - INFO - loading the model...
2024-04-03 21:52:35.312589: I tensorflow/core/platform/cpu_feature_guard.cc:142] This TensorFlow binary is optimized with oneAPI Deep Neural Network Library (oneDNN)to use the following CPU instructions in performance-critical operations:  AVX2 FMA
To enable them in other operations, rebuild TensorFlow with the appropriate compiler flags.
2024-04-03 21:52:35.331252: I tensorflow/compiler/xla/service/service.cc:168] XLA service 0x7fc93d95c3c0 initialized for platform Host (this does not guarantee that XLA will be used). Devices:
2024-04-03 21:52:35.331270: I tensorflow/compiler/xla/service/service.cc:176]   StreamExecutor device (0): Host, Default Version
2024-04-03 21:52:36,277 - INFO - reading label txt files
2024-04-03 21:52:36,317 - INFO - creating annotation dictionaries
2024-04-03 21:52:36,367 - INFO - remapping integer labels to string labels from the config
2024-04-03 21:52:36,378 - INFO - creating the FiftyOne dataset
2024-04-03 21:52:36,436 - INFO - adding FiftyOne dataset samples
2024-04-03 21:52:36,446 - INFO - train - processed batch 1 of 829
2024-04-03 21:52:36,448 - INFO - train - processed batch 2 of 829
2024-04-03 21:52:36,451 - INFO - train - processed batch 3 of 829
2024-04-03 21:52:36,454 - INFO - train - processed batch 4 of 829
2024-04-03 21:52:36,457 - INFO - train - processed batch 5 of 829
2024-04-03 21:52:36,461 - INFO - train - processed batch 6 of 829
2024-04-03 21:52:36,463 - INFO - train - processed batch 7 of 829
2024-04-03 21:52:36,466 - INFO - train - processed batch 8 of 829
2024-04-03 21:52:36,470 - INFO - train - processed batch 9 of 829
2024-04-03 21:52:36,472 - INFO - train - processed batch 10 of 829
2024-04-03 21:52:36,475 - INFO - train - processed batch 11 of 829
2024-04-03 21:52:36,479 - INFO - train - processed batch 12 of 829
2024-04-03 21:52:36,482 - INFO - train - processed batch 13 of 829
2024-04-03 21:52:36,485 - INFO - train - processed batch 14 of 829
2024-04-03 21:52:36,489 - INFO - train - processed batch 15 of 829
2024-04-03 21:52:36,493 - INFO - train - processed batch 16 of 829
2024-04-03 21:52:36,497 - INFO - train - processed batch 17 of 829
2024-04-03 21:52:36,500 - INFO - train - processed batch 18 of 829
2024-04-03 21:52:36,504 - INFO - train - processed batch 19 of 829
2024-04-03 21:52:36,507 - INFO - train - processed batch 20 of 829
2024-04-03 21:52:36,512 - INFO - train - processed batch 21 of 829
2024-04-03 21:52:36,519 - INFO - train - processed batch 22 of 829
2024-04-03 21:52:36,526 - INFO - train - processed batch 23 of 829
2024-04-03 21:52:36,530 - INFO - train - processed batch 24 of 829
2024-04-03 21:52:36,535 - INFO - train - processed batch 25 of 829
2024-04-03 21:52:36,540 - INFO - train - processed batch 26 of 829
2024-04-03 21:52:36,544 - INFO - train - processed batch 27 of 829
2024-04-03 21:52:36,547 - INFO - train - processed batch 28 of 829
2024-04-03 21:52:36,551 - INFO - train - processed batch 29 of 829
2024-04-03 21:52:36,555 - INFO - train - processed batch 30 of 829
2024-04-03 21:52:36,560 - INFO - train - processed batch 31 of 829
2024-04-03 21:52:36,565 - INFO - train - processed batch 32 of 829
2024-04-03 21:52:36,572 - INFO - train - processed batch 33 of 829
2024-04-03 21:52:36,579 - INFO - train - processed batch 34 of 829
2024-04-03 21:52:36,584 - INFO - train - processed batch 35 of 829
2024-04-03 21:52:36,592 - INFO - train - processed batch 36 of 829
2024-04-03 21:52:36,595 - INFO - train - processed batch 37 of 829
2024-04-03 21:52:36,599 - INFO - train - processed batch 38 of 829
2024-04-03 21:52:36,602 - INFO - train - processed batch 39 of 829
2024-04-03 21:52:36,605 - INFO - train - processed batch 40 of 829
2024-04-03 21:52:36,608 - INFO - train - processed batch 41 of 829
2024-04-03 21:52:36,611 - INFO - train - processed batch 42 of 829
2024-04-03 21:52:36,614 - INFO - train - processed batch 43 of 829
2024-04-03 21:52:36,617 - INFO - train - processed batch 44 of 829
2024-04-03 21:52:36,619 - INFO - train - processed batch 45 of 829
2024-04-03 21:52:36,622 - INFO - train - processed batch 46 of 829
2024-04-03 21:52:36,625 - INFO - train - processed batch 47 of 829
2024-04-03 21:52:36,628 - INFO - train - processed batch 48 of 829
2024-04-03 21:52:36,630 - INFO - train - processed batch 49 of 829
2024-04-03 21:52:36,633 - INFO - train - processed batch 50 of 829
2024-04-03 21:52:36,636 - INFO - train - processed batch 51 of 829
2024-04-03 21:52:36,639 - INFO - train - processed batch 52 of 829
2024-04-03 21:52:36,642 - INFO - train - processed batch 53 of 829
2024-04-03 21:52:36,645 - INFO - train - processed batch 54 of 829
2024-04-03 21:52:36,647 - INFO - train - processed batch 55 of 829
2024-04-03 21:52:36,650 - INFO - train - processed batch 56 of 829
2024-04-03 21:52:36,653 - INFO - train - processed batch 57 of 829
2024-04-03 21:52:36,656 - INFO - train - processed batch 58 of 829
2024-04-03 21:52:36,658 - INFO - train - processed batch 59 of 829
2024-04-03 21:52:36,662 - INFO - train - processed batch 60 of 829
2024-04-03 21:52:36,664 - INFO - train - processed batch 61 of 829
2024-04-03 21:52:36,667 - INFO - train - processed batch 62 of 829
2024-04-03 21:52:36,670 - INFO - train - processed batch 63 of 829
2024-04-03 21:52:36,673 - INFO - train - processed batch 64 of 829
2024-04-03 21:52:36,676 - INFO - train - processed batch 65 of 829
2024-04-03 21:52:36,679 - INFO - train - processed batch 66 of 829
2024-04-03 21:52:36,684 - INFO - train - processed batch 67 of 829
2024-04-03 21:52:36,688 - INFO - train - processed batch 68 of 829
2024-04-03 21:52:36,691 - INFO - train - processed batch 69 of 829
2024-04-03 21:52:36,695 - INFO - train - processed batch 70 of 829
2024-04-03 21:52:36,697 - INFO - train - processed batch 71 of 829
2024-04-03 21:52:36,700 - INFO - train - processed batch 72 of 829
2024-04-03 21:52:36,704 - INFO - train - processed batch 73 of 829
2024-04-03 21:52:36,707 - INFO - train - processed batch 74 of 829
2024-04-03 21:52:36,711 - INFO - train - processed batch 75 of 829
2024-04-03 21:52:36,715 - INFO - train - processed batch 76 of 829
2024-04-03 21:52:36,718 - INFO - train - processed batch 77 of 829
2024-04-03 21:52:36,723 - INFO - train - processed batch 78 of 829
2024-04-03 21:52:36,728 - INFO - train - processed batch 79 of 829
2024-04-03 21:52:36,733 - INFO - train - processed batch 80 of 829
2024-04-03 21:52:36,737 - INFO - train - processed batch 81 of 829
2024-04-03 21:52:36,740 - INFO - train - processed batch 82 of 829
2024-04-03 21:52:36,744 - INFO - train - processed batch 83 of 829
2024-04-03 21:52:36,750 - INFO - train - processed batch 84 of 829
2024-04-03 21:52:36,756 - INFO - train - processed batch 85 of 829
2024-04-03 21:52:36,758 - INFO - train - processed batch 86 of 829
2024-04-03 21:52:36,762 - INFO - train - processed batch 87 of 829
2024-04-03 21:52:36,765 - INFO - train - processed batch 88 of 829
2024-04-03 21:52:36,767 - INFO - train - processed batch 89 of 829
2024-04-03 21:52:36,770 - INFO - train - processed batch 90 of 829
2024-04-03 21:52:36,773 - INFO - train - processed batch 91 of 829
2024-04-03 21:52:36,775 - INFO - train - processed batch 92 of 829
2024-04-03 21:52:36,778 - INFO - train - processed batch 93 of 829
2024-04-03 21:52:36,781 - INFO - train - processed batch 94 of 829
2024-04-03 21:52:36,783 - INFO - train - processed batch 95 of 829
2024-04-03 21:52:36,786 - INFO - train - processed batch 96 of 829
2024-04-03 21:52:36,790 - INFO - train - processed batch 97 of 829
2024-04-03 21:52:36,794 - INFO - train - processed batch 98 of 829
2024-04-03 21:52:36,797 - INFO - train - processed batch 99 of 829
2024-04-03 21:52:36,800 - INFO - train - processed batch 100 of 829
2024-04-03 21:52:36,803 - INFO - train - processed batch 101 of 829
2024-04-03 21:52:36,805 - INFO - train - processed batch 102 of 829
2024-04-03 21:52:36,808 - INFO - train - processed batch 103 of 829
2024-04-03 21:52:36,811 - INFO - train - processed batch 104 of 829
2024-04-03 21:52:36,813 - INFO - train - processed batch 105 of 829
2024-04-03 21:52:36,816 - INFO - train - processed batch 106 of 829
2024-04-03 21:52:36,819 - INFO - train - processed batch 107 of 829
2024-04-03 21:52:36,821 - INFO - train - processed batch 108 of 829
2024-04-03 21:52:36,824 - INFO - train - processed batch 109 of 829
2024-04-03 21:52:36,827 - INFO - train - processed batch 110 of 829
2024-04-03 21:52:36,829 - INFO - train - processed batch 111 of 829
2024-04-03 21:52:36,832 - INFO - train - processed batch 112 of 829
2024-04-03 21:52:36,835 - INFO - train - processed batch 113 of 829
2024-04-03 21:52:36,837 - INFO - train - processed batch 114 of 829
2024-04-03 21:52:36,841 - INFO - train - processed batch 115 of 829
2024-04-03 21:52:36,844 - INFO - train - processed batch 116 of 829
2024-04-03 21:52:36,846 - INFO - train - processed batch 117 of 829
2024-04-03 21:52:36,849 - INFO - train - processed batch 118 of 829
2024-04-03 21:52:36,852 - INFO - train - processed batch 119 of 829
2024-04-03 21:52:36,854 - INFO - train - processed batch 120 of 829
2024-04-03 21:52:36,857 - INFO - train - processed batch 121 of 829
2024-04-03 21:52:36,860 - INFO - train - processed batch 122 of 829
2024-04-03 21:52:36,862 - INFO - train - processed batch 123 of 829
2024-04-03 21:52:36,865 - INFO - train - processed batch 124 of 829
2024-04-03 21:52:36,868 - INFO - train - processed batch 125 of 829
2024-04-03 21:52:36,870 - INFO - train - processed batch 126 of 829
2024-04-03 21:52:36,873 - INFO - train - processed batch 127 of 829
2024-04-03 21:52:36,876 - INFO - train - processed batch 128 of 829
2024-04-03 21:52:36,879 - INFO - train - processed batch 129 of 829
2024-04-03 21:52:36,881 - INFO - train - processed batch 130 of 829
2024-04-03 21:52:36,884 - INFO - train - processed batch 131 of 829
2024-04-03 21:52:36,887 - INFO - train - processed batch 132 of 829
2024-04-03 21:52:36,889 - INFO - train - processed batch 133 of 829
2024-04-03 21:52:36,892 - INFO - train - processed batch 134 of 829
2024-04-03 21:52:36,895 - INFO - train - processed batch 135 of 829
2024-04-03 21:52:36,897 - INFO - train - processed batch 136 of 829
2024-04-03 21:52:36,900 - INFO - train - processed batch 137 of 829
2024-04-03 21:52:36,903 - INFO - train - processed batch 138 of 829
2024-04-03 21:52:36,906 - INFO - train - processed batch 139 of 829
2024-04-03 21:52:36,908 - INFO - train - processed batch 140 of 829
2024-04-03 21:52:36,911 - INFO - train - processed batch 141 of 829
2024-04-03 21:52:36,914 - INFO - train - processed batch 142 of 829
2024-04-03 21:52:36,917 - INFO - train - processed batch 143 of 829
2024-04-03 21:52:36,920 - INFO - train - processed batch 144 of 829
2024-04-03 21:52:36,923 - INFO - train - processed batch 145 of 829
2024-04-03 21:52:36,926 - INFO - train - processed batch 146 of 829
2024-04-03 21:52:36,928 - INFO - train - processed batch 147 of 829
2024-04-03 21:52:36,931 - INFO - train - processed batch 148 of 829
2024-04-03 21:52:36,934 - INFO - train - processed batch 149 of 829
2024-04-03 21:52:36,937 - INFO - train - processed batch 150 of 829
2024-04-03 21:52:36,941 - INFO - train - processed batch 151 of 829
2024-04-03 21:52:36,945 - INFO - train - processed batch 152 of 829
2024-04-03 21:52:36,949 - INFO - train - processed batch 153 of 829
2024-04-03 21:52:36,955 - INFO - train - processed batch 154 of 829
2024-04-03 21:52:36,959 - INFO - train - processed batch 155 of 829
2024-04-03 21:52:36,965 - INFO - train - processed batch 156 of 829
2024-04-03 21:52:36,970 - INFO - train - processed batch 157 of 829
2024-04-03 21:52:36,974 - INFO - train - processed batch 158 of 829
2024-04-03 21:52:36,978 - INFO - train - processed batch 159 of 829
2024-04-03 21:52:36,981 - INFO - train - processed batch 160 of 829
2024-04-03 21:52:36,984 - INFO - train - processed batch 161 of 829
2024-04-03 21:52:36,987 - INFO - train - processed batch 162 of 829
2024-04-03 21:52:36,989 - INFO - train - processed batch 163 of 829
2024-04-03 21:52:36,992 - INFO - train - processed batch 164 of 829
2024-04-03 21:52:36,996 - INFO - train - processed batch 165 of 829
2024-04-03 21:52:36,999 - INFO - train - processed batch 166 of 829
2024-04-03 21:52:37,002 - INFO - train - processed batch 167 of 829
2024-04-03 21:52:37,005 - INFO - train - processed batch 168 of 829
2024-04-03 21:52:37,007 - INFO - train - processed batch 169 of 829
2024-04-03 21:52:37,013 - INFO - train - processed batch 170 of 829
2024-04-03 21:52:37,018 - INFO - train - processed batch 171 of 829
2024-04-03 21:52:37,022 - INFO - train - processed batch 172 of 829
2024-04-03 21:52:37,025 - INFO - train - processed batch 173 of 829
2024-04-03 21:52:37,029 - INFO - train - processed batch 174 of 829
2024-04-03 21:52:37,031 - INFO - train - processed batch 175 of 829
2024-04-03 21:52:37,034 - INFO - train - processed batch 176 of 829
2024-04-03 21:52:37,037 - INFO - train - processed batch 177 of 829
2024-04-03 21:52:37,040 - INFO - train - processed batch 178 of 829
2024-04-03 21:52:37,045 - INFO - train - processed batch 179 of 829
2024-04-03 21:52:37,050 - INFO - train - processed batch 180 of 829
2024-04-03 21:52:37,053 - INFO - train - processed batch 181 of 829
2024-04-03 21:52:37,057 - INFO - train - processed batch 182 of 829
2024-04-03 21:52:37,060 - INFO - train - processed batch 183 of 829
2024-04-03 21:52:37,064 - INFO - train - processed batch 184 of 829
2024-04-03 21:52:37,067 - INFO - train - processed batch 185 of 829
2024-04-03 21:52:37,071 - INFO - train - processed batch 186 of 829
2024-04-03 21:52:37,074 - INFO - train - processed batch 187 of 829
2024-04-03 21:52:37,078 - INFO - train - processed batch 188 of 829
2024-04-03 21:52:37,080 - INFO - train - processed batch 189 of 829
2024-04-03 21:52:37,084 - INFO - train - processed batch 190 of 829
2024-04-03 21:52:37,087 - INFO - train - processed batch 191 of 829
2024-04-03 21:52:37,090 - INFO - train - processed batch 192 of 829
2024-04-03 21:52:37,208 - INFO - train - processed batch 193 of 829
2024-04-03 21:52:37,213 - INFO - train - processed batch 194 of 829
2024-04-03 21:52:37,217 - INFO - train - processed batch 195 of 829
2024-04-03 21:52:37,223 - INFO - train - processed batch 196 of 829
2024-04-03 21:52:37,229 - INFO - train - processed batch 197 of 829
2024-04-03 21:52:37,234 - INFO - train - processed batch 198 of 829
2024-04-03 21:52:37,237 - INFO - train - processed batch 199 of 829
2024-04-03 21:52:37,241 - INFO - train - processed batch 200 of 829
2024-04-03 21:52:37,245 - INFO - train - processed batch 201 of 829
2024-04-03 21:52:37,248 - INFO - train - processed batch 202 of 829
2024-04-03 21:52:37,251 - INFO - train - processed batch 203 of 829
2024-04-03 21:52:37,255 - INFO - train - processed batch 204 of 829
2024-04-03 21:52:37,257 - INFO - train - processed batch 205 of 829
2024-04-03 21:52:37,261 - INFO - train - processed batch 206 of 829
2024-04-03 21:52:37,263 - INFO - train - processed batch 207 of 829
2024-04-03 21:52:37,266 - INFO - train - processed batch 208 of 829
2024-04-03 21:52:37,269 - INFO - train - processed batch 209 of 829
2024-04-03 21:52:37,272 - INFO - train - processed batch 210 of 829
2024-04-03 21:52:37,274 - INFO - train - processed batch 211 of 829
2024-04-03 21:52:37,279 - INFO - train - processed batch 212 of 829
2024-04-03 21:52:37,281 - INFO - train - processed batch 213 of 829
2024-04-03 21:52:37,284 - INFO - train - processed batch 214 of 829
2024-04-03 21:52:37,286 - INFO - train - processed batch 215 of 829
2024-04-03 21:52:37,290 - INFO - train - processed batch 216 of 829
2024-04-03 21:52:37,293 - INFO - train - processed batch 217 of 829
2024-04-03 21:52:37,295 - INFO - train - processed batch 218 of 829
2024-04-03 21:52:37,299 - INFO - train - processed batch 219 of 829
2024-04-03 21:52:37,302 - INFO - train - processed batch 220 of 829
2024-04-03 21:52:37,305 - INFO - train - processed batch 221 of 829
2024-04-03 21:52:37,307 - INFO - train - processed batch 222 of 829
2024-04-03 21:52:37,311 - INFO - train - processed batch 223 of 829
2024-04-03 21:52:37,313 - INFO - train - processed batch 224 of 829
2024-04-03 21:52:37,316 - INFO - train - processed batch 225 of 829
2024-04-03 21:52:37,319 - INFO - train - processed batch 226 of 829
2024-04-03 21:52:37,322 - INFO - train - processed batch 227 of 829
2024-04-03 21:52:37,324 - INFO - train - processed batch 228 of 829
2024-04-03 21:52:37,327 - INFO - train - processed batch 229 of 829
2024-04-03 21:52:37,330 - INFO - train - processed batch 230 of 829
2024-04-03 21:52:37,333 - INFO - train - processed batch 231 of 829
2024-04-03 21:52:37,335 - INFO - train - processed batch 232 of 829
2024-04-03 21:52:37,338 - INFO - train - processed batch 233 of 829
2024-04-03 21:52:37,341 - INFO - train - processed batch 234 of 829
2024-04-03 21:52:37,344 - INFO - train - processed batch 235 of 829
2024-04-03 21:52:37,347 - INFO - train - processed batch 236 of 829
2024-04-03 21:52:37,350 - INFO - train - processed batch 237 of 829
2024-04-03 21:52:37,352 - INFO - train - processed batch 238 of 829
2024-04-03 21:52:37,355 - INFO - train - processed batch 239 of 829
2024-04-03 21:52:37,358 - INFO - train - processed batch 240 of 829
2024-04-03 21:52:37,361 - INFO - train - processed batch 241 of 829
2024-04-03 21:52:37,363 - INFO - train - processed batch 242 of 829
2024-04-03 21:52:37,366 - INFO - train - processed batch 243 of 829
2024-04-03 21:52:37,369 - INFO - train - processed batch 244 of 829
2024-04-03 21:52:37,372 - INFO - train - processed batch 245 of 829
2024-04-03 21:52:37,374 - INFO - train - processed batch 246 of 829
2024-04-03 21:52:37,378 - INFO - train - processed batch 247 of 829
2024-04-03 21:52:37,381 - INFO - train - processed batch 248 of 829
2024-04-03 21:52:37,383 - INFO - train - processed batch 249 of 829
2024-04-03 21:52:37,386 - INFO - train - processed batch 250 of 829
2024-04-03 21:52:37,390 - INFO - train - processed batch 251 of 829
2024-04-03 21:52:37,393 - INFO - train - processed batch 252 of 829
2024-04-03 21:52:37,396 - INFO - train - processed batch 253 of 829
2024-04-03 21:52:37,398 - INFO - train - processed batch 254 of 829
2024-04-03 21:52:37,402 - INFO - train - processed batch 255 of 829
2024-04-03 21:52:37,405 - INFO - train - processed batch 256 of 829
2024-04-03 21:52:37,407 - INFO - train - processed batch 257 of 829
2024-04-03 21:52:37,411 - INFO - train - processed batch 258 of 829
2024-04-03 21:52:37,414 - INFO - train - processed batch 259 of 829
2024-04-03 21:52:37,417 - INFO - train - processed batch 260 of 829
2024-04-03 21:52:37,419 - INFO - train - processed batch 261 of 829
2024-04-03 21:52:37,423 - INFO - train - processed batch 262 of 829
2024-04-03 21:52:37,427 - INFO - train - processed batch 263 of 829
2024-04-03 21:52:37,429 - INFO - train - processed batch 264 of 829
2024-04-03 21:52:37,431 - INFO - train - processed batch 265 of 829
2024-04-03 21:52:37,435 - INFO - train - processed batch 266 of 829
2024-04-03 21:52:37,438 - INFO - train - processed batch 267 of 829
2024-04-03 21:52:37,441 - INFO - train - processed batch 268 of 829
2024-04-03 21:52:37,445 - INFO - train - processed batch 269 of 829
2024-04-03 21:52:37,448 - INFO - train - processed batch 270 of 829
2024-04-03 21:52:37,450 - INFO - train - processed batch 271 of 829
2024-04-03 21:52:37,453 - INFO - train - processed batch 272 of 829
2024-04-03 21:52:37,457 - INFO - train - processed batch 273 of 829
2024-04-03 21:52:37,460 - INFO - train - processed batch 274 of 829
2024-04-03 21:52:37,462 - INFO - train - processed batch 275 of 829
2024-04-03 21:52:37,465 - INFO - train - processed batch 276 of 829
2024-04-03 21:52:37,468 - INFO - train - processed batch 277 of 829
2024-04-03 21:52:37,471 - INFO - train - processed batch 278 of 829
2024-04-03 21:52:37,474 - INFO - train - processed batch 279 of 829
2024-04-03 21:52:37,477 - INFO - train - processed batch 280 of 829
2024-04-03 21:52:37,480 - INFO - train - processed batch 281 of 829
2024-04-03 21:52:37,483 - INFO - train - processed batch 282 of 829
2024-04-03 21:52:37,486 - INFO - train - processed batch 283 of 829
2024-04-03 21:52:37,488 - INFO - train - processed batch 284 of 829
2024-04-03 21:52:37,492 - INFO - train - processed batch 285 of 829
2024-04-03 21:52:37,495 - INFO - train - processed batch 286 of 829
2024-04-03 21:52:37,498 - INFO - train - processed batch 287 of 829
2024-04-03 21:52:37,501 - INFO - train - processed batch 288 of 829
2024-04-03 21:52:37,504 - INFO - train - processed batch 289 of 829
2024-04-03 21:52:37,507 - INFO - train - processed batch 290 of 829
2024-04-03 21:52:37,510 - INFO - train - processed batch 291 of 829
2024-04-03 21:52:37,515 - INFO - train - processed batch 292 of 829
2024-04-03 21:52:37,520 - INFO - train - processed batch 293 of 829
2024-04-03 21:52:37,524 - INFO - train - processed batch 294 of 829
2024-04-03 21:52:37,527 - INFO - train - processed batch 295 of 829
2024-04-03 21:52:37,530 - INFO - train - processed batch 296 of 829
2024-04-03 21:52:37,532 - INFO - train - processed batch 297 of 829
2024-04-03 21:52:37,535 - INFO - train - processed batch 298 of 829
2024-04-03 21:52:37,538 - INFO - train - processed batch 299 of 829
2024-04-03 21:52:37,541 - INFO - train - processed batch 300 of 829
2024-04-03 21:52:37,544 - INFO - train - processed batch 301 of 829
2024-04-03 21:52:37,548 - INFO - train - processed batch 302 of 829
2024-04-03 21:52:37,551 - INFO - train - processed batch 303 of 829
2024-04-03 21:52:37,554 - INFO - train - processed batch 304 of 829
2024-04-03 21:52:37,557 - INFO - train - processed batch 305 of 829
2024-04-03 21:52:37,561 - INFO - train - processed batch 306 of 829
2024-04-03 21:52:37,564 - INFO - train - processed batch 307 of 829
2024-04-03 21:52:37,566 - INFO - train - processed batch 308 of 829
2024-04-03 21:52:37,570 - INFO - train - processed batch 309 of 829
2024-04-03 21:52:37,573 - INFO - train - processed batch 310 of 829
2024-04-03 21:52:37,577 - INFO - train - processed batch 311 of 829
2024-04-03 21:52:37,583 - INFO - train - processed batch 312 of 829
2024-04-03 21:52:37,586 - INFO - train - processed batch 313 of 829
2024-04-03 21:52:37,589 - INFO - train - processed batch 314 of 829
2024-04-03 21:52:37,593 - INFO - train - processed batch 315 of 829
2024-04-03 21:52:37,596 - INFO - train - processed batch 316 of 829
2024-04-03 21:52:37,598 - INFO - train - processed batch 317 of 829
2024-04-03 21:52:37,601 - INFO - train - processed batch 318 of 829
2024-04-03 21:52:37,605 - INFO - train - processed batch 319 of 829
2024-04-03 21:52:37,607 - INFO - train - processed batch 320 of 829
2024-04-03 21:52:37,610 - INFO - train - processed batch 321 of 829
2024-04-03 21:52:37,614 - INFO - train - processed batch 322 of 829
2024-04-03 21:52:37,617 - INFO - train - processed batch 323 of 829
2024-04-03 21:52:37,620 - INFO - train - processed batch 324 of 829
2024-04-03 21:52:37,623 - INFO - train - processed batch 325 of 829
2024-04-03 21:52:37,626 - INFO - train - processed batch 326 of 829
2024-04-03 21:52:37,629 - INFO - train - processed batch 327 of 829
2024-04-03 21:52:37,631 - INFO - train - processed batch 328 of 829
2024-04-03 21:52:37,634 - INFO - train - processed batch 329 of 829
2024-04-03 21:52:37,638 - INFO - train - processed batch 330 of 829
2024-04-03 21:52:37,640 - INFO - train - processed batch 331 of 829
2024-04-03 21:52:37,643 - INFO - train - processed batch 332 of 829
2024-04-03 21:52:37,646 - INFO - train - processed batch 333 of 829
2024-04-03 21:52:37,649 - INFO - train - processed batch 334 of 829
2024-04-03 21:52:37,652 - INFO - train - processed batch 335 of 829
2024-04-03 21:52:37,655 - INFO - train - processed batch 336 of 829
2024-04-03 21:52:37,658 - INFO - train - processed batch 337 of 829
2024-04-03 21:52:37,661 - INFO - train - processed batch 338 of 829
2024-04-03 21:52:37,664 - INFO - train - processed batch 339 of 829
2024-04-03 21:52:37,667 - INFO - train - processed batch 340 of 829
2024-04-03 21:52:37,670 - INFO - train - processed batch 341 of 829
2024-04-03 21:52:37,673 - INFO - train - processed batch 342 of 829
2024-04-03 21:52:37,676 - INFO - train - processed batch 343 of 829
2024-04-03 21:52:37,679 - INFO - train - processed batch 344 of 829
2024-04-03 21:52:37,683 - INFO - train - processed batch 345 of 829
2024-04-03 21:52:37,686 - INFO - train - processed batch 346 of 829
2024-04-03 21:52:37,688 - INFO - train - processed batch 347 of 829
2024-04-03 21:52:37,691 - INFO - train - processed batch 348 of 829
2024-04-03 21:52:37,695 - INFO - train - processed batch 349 of 829
2024-04-03 21:52:37,697 - INFO - train - processed batch 350 of 829
2024-04-03 21:52:37,700 - INFO - train - processed batch 351 of 829
2024-04-03 21:52:37,703 - INFO - train - processed batch 352 of 829
2024-04-03 21:52:37,706 - INFO - train - processed batch 353 of 829
2024-04-03 21:52:37,709 - INFO - train - processed batch 354 of 829
2024-04-03 21:52:37,712 - INFO - train - processed batch 355 of 829
2024-04-03 21:52:37,715 - INFO - train - processed batch 356 of 829
2024-04-03 21:52:37,718 - INFO - train - processed batch 357 of 829
2024-04-03 21:52:37,721 - INFO - train - processed batch 358 of 829
2024-04-03 21:52:37,724 - INFO - train - processed batch 359 of 829
2024-04-03 21:52:37,728 - INFO - train - processed batch 360 of 829
2024-04-03 21:52:37,730 - INFO - train - processed batch 361 of 829
2024-04-03 21:52:37,733 - INFO - train - processed batch 362 of 829
2024-04-03 21:52:37,736 - INFO - train - processed batch 363 of 829
2024-04-03 21:52:37,740 - INFO - train - processed batch 364 of 829
2024-04-03 21:52:37,743 - INFO - train - processed batch 365 of 829
2024-04-03 21:52:37,746 - INFO - train - processed batch 366 of 829
2024-04-03 21:52:37,749 - INFO - train - processed batch 367 of 829
2024-04-03 21:52:37,752 - INFO - train - processed batch 368 of 829
2024-04-03 21:52:37,755 - INFO - train - processed batch 369 of 829
2024-04-03 21:52:37,757 - INFO - train - processed batch 370 of 829
2024-04-03 21:52:37,761 - INFO - train - processed batch 371 of 829
2024-04-03 21:52:37,764 - INFO - train - processed batch 372 of 829
2024-04-03 21:52:37,766 - INFO - train - processed batch 373 of 829
2024-04-03 21:52:37,769 - INFO - train - processed batch 374 of 829
2024-04-03 21:52:37,773 - INFO - train - processed batch 375 of 829
2024-04-03 21:52:37,776 - INFO - train - processed batch 376 of 829
2024-04-03 21:52:37,778 - INFO - train - processed batch 377 of 829
2024-04-03 21:52:37,781 - INFO - train - processed batch 378 of 829
2024-04-03 21:52:37,785 - INFO - train - processed batch 379 of 829
2024-04-03 21:52:37,787 - INFO - train - processed batch 380 of 829
2024-04-03 21:52:37,791 - INFO - train - processed batch 381 of 829
2024-04-03 21:52:37,794 - INFO - train - processed batch 382 of 829
2024-04-03 21:52:37,797 - INFO - train - processed batch 383 of 829
2024-04-03 21:52:37,799 - INFO - train - processed batch 384 of 829
2024-04-03 21:52:37,802 - INFO - train - processed batch 385 of 829
2024-04-03 21:52:37,806 - INFO - train - processed batch 386 of 829
2024-04-03 21:52:37,808 - INFO - train - processed batch 387 of 829
2024-04-03 21:52:37,811 - INFO - train - processed batch 388 of 829
2024-04-03 21:52:37,814 - INFO - train - processed batch 389 of 829
2024-04-03 21:52:37,817 - INFO - train - processed batch 390 of 829
2024-04-03 21:52:37,820 - INFO - train - processed batch 391 of 829
2024-04-03 21:52:37,823 - INFO - train - processed batch 392 of 829
2024-04-03 21:52:37,827 - INFO - train - processed batch 393 of 829
2024-04-03 21:52:37,831 - INFO - train - processed batch 394 of 829
2024-04-03 21:52:37,833 - INFO - train - processed batch 395 of 829
2024-04-03 21:52:37,836 - INFO - train - processed batch 396 of 829
2024-04-03 21:52:37,840 - INFO - train - processed batch 397 of 829
2024-04-03 21:52:37,842 - INFO - train - processed batch 398 of 829
2024-04-03 21:52:37,845 - INFO - train - processed batch 399 of 829
2024-04-03 21:52:37,848 - INFO - train - processed batch 400 of 829
2024-04-03 21:52:37,852 - INFO - train - processed batch 401 of 829
2024-04-03 21:52:37,854 - INFO - train - processed batch 402 of 829
2024-04-03 21:52:37,857 - INFO - train - processed batch 403 of 829
2024-04-03 21:52:37,860 - INFO - train - processed batch 404 of 829
2024-04-03 21:52:37,863 - INFO - train - processed batch 405 of 829
2024-04-03 21:52:37,865 - INFO - train - processed batch 406 of 829
2024-04-03 21:52:37,868 - INFO - train - processed batch 407 of 829
2024-04-03 21:52:37,871 - INFO - train - processed batch 408 of 829
2024-04-03 21:52:37,874 - INFO - train - processed batch 409 of 829
2024-04-03 21:52:37,877 - INFO - train - processed batch 410 of 829
2024-04-03 21:52:37,879 - INFO - train - processed batch 411 of 829
2024-04-03 21:52:37,882 - INFO - train - processed batch 412 of 829
2024-04-03 21:52:37,886 - INFO - train - processed batch 413 of 829
2024-04-03 21:52:37,888 - INFO - train - processed batch 414 of 829
2024-04-03 21:52:37,891 - INFO - train - processed batch 415 of 829
2024-04-03 21:52:37,894 - INFO - train - processed batch 416 of 829
2024-04-03 21:52:37,897 - INFO - train - processed batch 417 of 829
2024-04-03 21:52:37,901 - INFO - train - processed batch 418 of 829
2024-04-03 21:52:37,904 - INFO - train - processed batch 419 of 829
2024-04-03 21:52:37,907 - INFO - train - processed batch 420 of 829
2024-04-03 21:52:37,910 - INFO - train - processed batch 421 of 829
2024-04-03 21:52:37,913 - INFO - train - processed batch 422 of 829
2024-04-03 21:52:37,915 - INFO - train - processed batch 423 of 829
2024-04-03 21:52:37,919 - INFO - train - processed batch 424 of 829
2024-04-03 21:52:37,922 - INFO - train - processed batch 425 of 829
2024-04-03 21:52:37,924 - INFO - train - processed batch 426 of 829
2024-04-03 21:52:37,927 - INFO - train - processed batch 427 of 829
2024-04-03 21:52:37,931 - INFO - train - processed batch 428 of 829
2024-04-03 21:52:37,933 - INFO - train - processed batch 429 of 829
2024-04-03 21:52:37,936 - INFO - train - processed batch 430 of 829
2024-04-03 21:52:37,939 - INFO - train - processed batch 431 of 829
2024-04-03 21:52:37,943 - INFO - train - processed batch 432 of 829
2024-04-03 21:52:37,945 - INFO - train - processed batch 433 of 829
2024-04-03 21:52:37,947 - INFO - train - processed batch 434 of 829
2024-04-03 21:52:37,950 - INFO - train - processed batch 435 of 829
2024-04-03 21:52:37,954 - INFO - train - processed batch 436 of 829
2024-04-03 21:52:37,957 - INFO - train - processed batch 437 of 829
2024-04-03 21:52:37,959 - INFO - train - processed batch 438 of 829
2024-04-03 21:52:37,962 - INFO - train - processed batch 439 of 829
2024-04-03 21:52:37,965 - INFO - train - processed batch 440 of 829
2024-04-03 21:52:37,969 - INFO - train - processed batch 441 of 829
2024-04-03 21:52:37,971 - INFO - train - processed batch 442 of 829
2024-04-03 21:52:37,975 - INFO - train - processed batch 443 of 829
2024-04-03 21:52:37,978 - INFO - train - processed batch 444 of 829
2024-04-03 21:52:37,980 - INFO - train - processed batch 445 of 829
2024-04-03 21:52:37,983 - INFO - train - processed batch 446 of 829
2024-04-03 21:52:37,986 - INFO - train - processed batch 447 of 829
2024-04-03 21:52:37,989 - INFO - train - processed batch 448 of 829
2024-04-03 21:52:37,992 - INFO - train - processed batch 449 of 829
2024-04-03 21:52:37,994 - INFO - train - processed batch 450 of 829
2024-04-03 21:52:37,998 - INFO - train - processed batch 451 of 829
2024-04-03 21:52:38,000 - INFO - train - processed batch 452 of 829
2024-04-03 21:52:38,003 - INFO - train - processed batch 453 of 829
2024-04-03 21:52:38,006 - INFO - train - processed batch 454 of 829
2024-04-03 21:52:38,010 - INFO - train - processed batch 455 of 829
2024-04-03 21:52:38,015 - INFO - train - processed batch 456 of 829
2024-04-03 21:52:38,021 - INFO - train - processed batch 457 of 829
2024-04-03 21:52:38,023 - INFO - train - processed batch 458 of 829
2024-04-03 21:52:38,026 - INFO - train - processed batch 459 of 829
2024-04-03 21:52:38,029 - INFO - train - processed batch 460 of 829
2024-04-03 21:52:38,032 - INFO - train - processed batch 461 of 829
2024-04-03 21:52:38,035 - INFO - train - processed batch 462 of 829
2024-04-03 21:52:38,038 - INFO - train - processed batch 463 of 829
2024-04-03 21:52:38,041 - INFO - train - processed batch 464 of 829
2024-04-03 21:52:38,044 - INFO - train - processed batch 465 of 829
2024-04-03 21:52:38,047 - INFO - train - processed batch 466 of 829
2024-04-03 21:52:38,049 - INFO - train - processed batch 467 of 829
2024-04-03 21:52:38,054 - INFO - train - processed batch 468 of 829
2024-04-03 21:52:38,056 - INFO - train - processed batch 469 of 829
2024-04-03 21:52:38,059 - INFO - train - processed batch 470 of 829
2024-04-03 21:52:38,062 - INFO - train - processed batch 471 of 829
2024-04-03 21:52:38,065 - INFO - train - processed batch 472 of 829
2024-04-03 21:52:38,068 - INFO - train - processed batch 473 of 829
2024-04-03 21:52:38,071 - INFO - train - processed batch 474 of 829
2024-04-03 21:52:38,073 - INFO - train - processed batch 475 of 829
2024-04-03 21:52:38,078 - INFO - train - processed batch 476 of 829
2024-04-03 21:52:38,080 - INFO - train - processed batch 477 of 829
2024-04-03 21:52:38,083 - INFO - train - processed batch 478 of 829
2024-04-03 21:52:38,087 - INFO - train - processed batch 479 of 829
2024-04-03 21:52:38,089 - INFO - train - processed batch 480 of 829
2024-04-03 21:52:38,092 - INFO - train - processed batch 481 of 829
2024-04-03 21:52:38,095 - INFO - train - processed batch 482 of 829
2024-04-03 21:52:38,098 - INFO - train - processed batch 483 of 829
2024-04-03 21:52:38,101 - INFO - train - processed batch 484 of 829
2024-04-03 21:52:38,104 - INFO - train - processed batch 485 of 829
2024-04-03 21:52:38,106 - INFO - train - processed batch 486 of 829
2024-04-03 21:52:38,110 - INFO - train - processed batch 487 of 829
2024-04-03 21:52:38,113 - INFO - train - processed batch 488 of 829
2024-04-03 21:52:38,115 - INFO - train - processed batch 489 of 829
2024-04-03 21:52:38,118 - INFO - train - processed batch 490 of 829
2024-04-03 21:52:38,122 - INFO - train - processed batch 491 of 829
2024-04-03 21:52:38,124 - INFO - train - processed batch 492 of 829
2024-04-03 21:52:38,128 - INFO - train - processed batch 493 of 829
2024-04-03 21:52:38,131 - INFO - train - processed batch 494 of 829
2024-04-03 21:52:38,135 - INFO - train - processed batch 495 of 829
2024-04-03 21:52:38,138 - INFO - train - processed batch 496 of 829
2024-04-03 21:52:38,140 - INFO - train - processed batch 497 of 829
2024-04-03 21:52:38,145 - INFO - train - processed batch 498 of 829
2024-04-03 21:52:38,147 - INFO - train - processed batch 499 of 829
2024-04-03 21:52:38,150 - INFO - train - processed batch 500 of 829
2024-04-03 21:52:38,153 - INFO - train - processed batch 501 of 829
2024-04-03 21:52:38,157 - INFO - train - processed batch 502 of 829
2024-04-03 21:52:38,160 - INFO - train - processed batch 503 of 829
2024-04-03 21:52:38,162 - INFO - train - processed batch 504 of 829
2024-04-03 21:52:38,166 - INFO - train - processed batch 505 of 829
2024-04-03 21:52:38,169 - INFO - train - processed batch 506 of 829
2024-04-03 21:52:38,172 - INFO - train - processed batch 507 of 829
2024-04-03 21:52:38,174 - INFO - train - processed batch 508 of 829
2024-04-03 21:52:38,177 - INFO - train - processed batch 509 of 829
2024-04-03 21:52:38,180 - INFO - train - processed batch 510 of 829
2024-04-03 21:52:38,182 - INFO - train - processed batch 511 of 829
2024-04-03 21:52:38,185 - INFO - train - processed batch 512 of 829
2024-04-03 21:52:38,191 - INFO - train - processed batch 513 of 829
2024-04-03 21:52:38,194 - INFO - train - processed batch 514 of 829
2024-04-03 21:52:38,196 - INFO - train - processed batch 515 of 829
2024-04-03 21:52:38,199 - INFO - train - processed batch 516 of 829
2024-04-03 21:52:38,203 - INFO - train - processed batch 517 of 829
2024-04-03 21:52:38,205 - INFO - train - processed batch 518 of 829
2024-04-03 21:52:38,208 - INFO - train - processed batch 519 of 829
2024-04-03 21:52:38,212 - INFO - train - processed batch 520 of 829
2024-04-03 21:52:38,215 - INFO - train - processed batch 521 of 829
2024-04-03 21:52:38,218 - INFO - train - processed batch 522 of 829
2024-04-03 21:52:38,221 - INFO - train - processed batch 523 of 829
2024-04-03 21:52:38,225 - INFO - train - processed batch 524 of 829
2024-04-03 21:52:38,228 - INFO - train - processed batch 525 of 829
2024-04-03 21:52:38,230 - INFO - train - processed batch 526 of 829
2024-04-03 21:52:38,234 - INFO - train - processed batch 527 of 829
2024-04-03 21:52:38,237 - INFO - train - processed batch 528 of 829
2024-04-03 21:52:38,240 - INFO - train - processed batch 529 of 829
2024-04-03 21:52:38,243 - INFO - train - processed batch 530 of 829
2024-04-03 21:52:38,247 - INFO - train - processed batch 531 of 829
2024-04-03 21:52:38,250 - INFO - train - processed batch 532 of 829
2024-04-03 21:52:38,253 - INFO - train - processed batch 533 of 829
2024-04-03 21:52:38,256 - INFO - train - processed batch 534 of 829
2024-04-03 21:52:38,259 - INFO - train - processed batch 535 of 829
2024-04-03 21:52:38,262 - INFO - train - processed batch 536 of 829
2024-04-03 21:52:38,264 - INFO - train - processed batch 537 of 829
2024-04-03 21:52:38,269 - INFO - train - processed batch 538 of 829
2024-04-03 21:52:38,271 - INFO - train - processed batch 539 of 829
2024-04-03 21:52:38,274 - INFO - train - processed batch 540 of 829
2024-04-03 21:52:38,278 - INFO - train - processed batch 541 of 829
2024-04-03 21:52:38,281 - INFO - train - processed batch 542 of 829
2024-04-03 21:52:38,284 - INFO - train - processed batch 543 of 829
2024-04-03 21:52:38,286 - INFO - train - processed batch 544 of 829
2024-04-03 21:52:38,290 - INFO - train - processed batch 545 of 829
2024-04-03 21:52:38,293 - INFO - train - processed batch 546 of 829
2024-04-03 21:52:38,296 - INFO - train - processed batch 547 of 829
2024-04-03 21:52:38,298 - INFO - train - processed batch 548 of 829
2024-04-03 21:52:38,302 - INFO - train - processed batch 549 of 829
2024-04-03 21:52:38,305 - INFO - train - processed batch 550 of 829
2024-04-03 21:52:38,307 - INFO - train - processed batch 551 of 829
2024-04-03 21:52:38,311 - INFO - train - processed batch 552 of 829
2024-04-03 21:52:38,314 - INFO - train - processed batch 553 of 829
2024-04-03 21:52:38,317 - INFO - train - processed batch 554 of 829
2024-04-03 21:52:38,320 - INFO - train - processed batch 555 of 829
2024-04-03 21:52:38,324 - INFO - train - processed batch 556 of 829
2024-04-03 21:52:38,327 - INFO - train - processed batch 557 of 829
2024-04-03 21:52:38,329 - INFO - train - processed batch 558 of 829
2024-04-03 21:52:38,332 - INFO - train - processed batch 559 of 829
2024-04-03 21:52:38,336 - INFO - train - processed batch 560 of 829
2024-04-03 21:52:38,339 - INFO - train - processed batch 561 of 829
2024-04-03 21:52:38,342 - INFO - train - processed batch 562 of 829
2024-04-03 21:52:38,346 - INFO - train - processed batch 563 of 829
2024-04-03 21:52:38,349 - INFO - train - processed batch 564 of 829
2024-04-03 21:52:38,352 - INFO - train - processed batch 565 of 829
2024-04-03 21:52:38,354 - INFO - train - processed batch 566 of 829
2024-04-03 21:52:38,359 - INFO - train - processed batch 567 of 829
2024-04-03 21:52:38,362 - INFO - train - processed batch 568 of 829
2024-04-03 21:52:38,364 - INFO - train - processed batch 569 of 829
2024-04-03 21:52:38,368 - INFO - train - processed batch 570 of 829
2024-04-03 21:52:38,371 - INFO - train - processed batch 571 of 829
2024-04-03 21:52:38,374 - INFO - train - processed batch 572 of 829
2024-04-03 21:52:38,377 - INFO - train - processed batch 573 of 829
2024-04-03 21:52:38,381 - INFO - train - processed batch 574 of 829
2024-04-03 21:52:38,383 - INFO - train - processed batch 575 of 829
2024-04-03 21:52:38,386 - INFO - train - processed batch 576 of 829
2024-04-03 21:52:38,389 - INFO - train - processed batch 577 of 829
2024-04-03 21:52:38,393 - INFO - train - processed batch 578 of 829
2024-04-03 21:52:38,396 - INFO - train - processed batch 579 of 829
2024-04-03 21:52:38,398 - INFO - train - processed batch 580 of 829
2024-04-03 21:52:38,401 - INFO - train - processed batch 581 of 829
2024-04-03 21:52:38,405 - INFO - train - processed batch 582 of 829
2024-04-03 21:52:38,408 - INFO - train - processed batch 583 of 829
2024-04-03 21:52:38,411 - INFO - train - processed batch 584 of 829
2024-04-03 21:52:38,415 - INFO - train - processed batch 585 of 829
2024-04-03 21:52:38,417 - INFO - train - processed batch 586 of 829
2024-04-03 21:52:38,420 - INFO - train - processed batch 587 of 829
2024-04-03 21:52:38,423 - INFO - train - processed batch 588 of 829
2024-04-03 21:52:38,427 - INFO - train - processed batch 589 of 829
2024-04-03 21:52:38,430 - INFO - train - processed batch 590 of 829
2024-04-03 21:52:38,432 - INFO - train - processed batch 591 of 829
2024-04-03 21:52:38,436 - INFO - train - processed batch 592 of 829
2024-04-03 21:52:38,439 - INFO - train - processed batch 593 of 829
2024-04-03 21:52:38,442 - INFO - train - processed batch 594 of 829
2024-04-03 21:52:38,445 - INFO - train - processed batch 595 of 829
2024-04-03 21:52:38,449 - INFO - train - processed batch 596 of 829
2024-04-03 21:52:38,452 - INFO - train - processed batch 597 of 829
2024-04-03 21:52:38,455 - INFO - train - processed batch 598 of 829
2024-04-03 21:52:38,458 - INFO - train - processed batch 599 of 829
2024-04-03 21:52:38,462 - INFO - train - processed batch 600 of 829
2024-04-03 21:52:38,464 - INFO - train - processed batch 601 of 829
2024-04-03 21:52:38,467 - INFO - train - processed batch 602 of 829
2024-04-03 21:52:38,471 - INFO - train - processed batch 603 of 829
2024-04-03 21:52:38,474 - INFO - train - processed batch 604 of 829
2024-04-03 21:52:38,477 - INFO - train - processed batch 605 of 829
2024-04-03 21:52:38,481 - INFO - train - processed batch 606 of 829
2024-04-03 21:52:38,484 - INFO - train - processed batch 607 of 829
2024-04-03 21:52:38,487 - INFO - train - processed batch 608 of 829
2024-04-03 21:52:38,490 - INFO - train - processed batch 609 of 829
2024-04-03 21:52:38,494 - INFO - train - processed batch 610 of 829
2024-04-03 21:52:38,496 - INFO - train - processed batch 611 of 829
2024-04-03 21:52:38,499 - INFO - train - processed batch 612 of 829
2024-04-03 21:52:38,502 - INFO - train - processed batch 613 of 829
2024-04-03 21:52:38,504 - INFO - train - processed batch 614 of 829
2024-04-03 21:52:38,507 - INFO - train - processed batch 615 of 829
2024-04-03 21:52:38,510 - INFO - train - processed batch 616 of 829
2024-04-03 21:52:38,512 - INFO - train - processed batch 617 of 829
2024-04-03 21:52:38,515 - INFO - train - processed batch 618 of 829
2024-04-03 21:52:38,518 - INFO - train - processed batch 619 of 829
2024-04-03 21:52:38,521 - INFO - train - processed batch 620 of 829
2024-04-03 21:52:38,523 - INFO - train - processed batch 621 of 829
2024-04-03 21:52:38,526 - INFO - train - processed batch 622 of 829
2024-04-03 21:52:38,529 - INFO - train - processed batch 623 of 829
2024-04-03 21:52:38,531 - INFO - train - processed batch 624 of 829
2024-04-03 21:52:38,534 - INFO - train - processed batch 625 of 829
2024-04-03 21:52:38,539 - INFO - train - processed batch 626 of 829
2024-04-03 21:52:38,541 - INFO - train - processed batch 627 of 829
2024-04-03 21:52:38,544 - INFO - train - processed batch 628 of 829
2024-04-03 21:52:38,547 - INFO - train - processed batch 629 of 829
2024-04-03 21:52:38,549 - INFO - train - processed batch 630 of 829
2024-04-03 21:52:38,552 - INFO - train - processed batch 631 of 829
2024-04-03 21:52:38,555 - INFO - train - processed batch 632 of 829
2024-04-03 21:52:38,557 - INFO - train - processed batch 633 of 829
2024-04-03 21:52:38,561 - INFO - train - processed batch 634 of 829
2024-04-03 21:52:38,564 - INFO - train - processed batch 635 of 829
2024-04-03 21:52:38,566 - INFO - train - processed batch 636 of 829
2024-04-03 21:52:38,569 - INFO - train - processed batch 637 of 829
2024-04-03 21:52:38,572 - INFO - train - processed batch 638 of 829
2024-04-03 21:52:38,574 - INFO - train - processed batch 639 of 829
2024-04-03 21:52:38,578 - INFO - train - processed batch 640 of 829
2024-04-03 21:52:38,580 - INFO - train - processed batch 641 of 829
2024-04-03 21:52:38,583 - INFO - train - processed batch 642 of 829
2024-04-03 21:52:38,586 - INFO - train - processed batch 643 of 829
2024-04-03 21:52:38,589 - INFO - train - processed batch 644 of 829
2024-04-03 21:52:38,591 - INFO - train - processed batch 645 of 829
2024-04-03 21:52:38,730 - INFO - train - processed batch 646 of 829
2024-04-03 21:52:38,735 - INFO - train - processed batch 647 of 829
2024-04-03 21:52:38,740 - INFO - train - processed batch 648 of 829
2024-04-03 21:52:38,746 - INFO - train - processed batch 649 of 829
2024-04-03 21:52:38,749 - INFO - train - processed batch 650 of 829
2024-04-03 21:52:38,753 - INFO - train - processed batch 651 of 829
2024-04-03 21:52:38,756 - INFO - train - processed batch 652 of 829
2024-04-03 21:52:38,759 - INFO - train - processed batch 653 of 829
2024-04-03 21:52:38,762 - INFO - train - processed batch 654 of 829
2024-04-03 21:52:38,765 - INFO - train - processed batch 655 of 829
2024-04-03 21:52:38,769 - INFO - train - processed batch 656 of 829
2024-04-03 21:52:38,772 - INFO - train - processed batch 657 of 829
2024-04-03 21:52:38,775 - INFO - train - processed batch 658 of 829
2024-04-03 21:52:38,778 - INFO - train - processed batch 659 of 829
2024-04-03 21:52:38,780 - INFO - train - processed batch 660 of 829
2024-04-03 21:52:38,783 - INFO - train - processed batch 661 of 829
2024-04-03 21:52:38,786 - INFO - train - processed batch 662 of 829
2024-04-03 21:52:38,788 - INFO - train - processed batch 663 of 829
2024-04-03 21:52:38,791 - INFO - train - processed batch 664 of 829
2024-04-03 21:52:38,794 - INFO - train - processed batch 665 of 829
2024-04-03 21:52:38,796 - INFO - train - processed batch 666 of 829
2024-04-03 21:52:38,799 - INFO - train - processed batch 667 of 829
2024-04-03 21:52:38,802 - INFO - train - processed batch 668 of 829
2024-04-03 21:52:38,804 - INFO - train - processed batch 669 of 829
2024-04-03 21:52:38,807 - INFO - train - processed batch 670 of 829
2024-04-03 21:52:38,810 - INFO - train - processed batch 671 of 829
2024-04-03 21:52:38,812 - INFO - train - processed batch 672 of 829
2024-04-03 21:52:38,815 - INFO - train - processed batch 673 of 829
2024-04-03 21:52:38,818 - INFO - train - processed batch 674 of 829
2024-04-03 21:52:38,820 - INFO - train - processed batch 675 of 829
2024-04-03 21:52:38,823 - INFO - train - processed batch 676 of 829
2024-04-03 21:52:38,826 - INFO - train - processed batch 677 of 829
2024-04-03 21:52:38,828 - INFO - train - processed batch 678 of 829
2024-04-03 21:52:38,831 - INFO - train - processed batch 679 of 829
2024-04-03 21:52:38,833 - INFO - train - processed batch 680 of 829
2024-04-03 21:52:38,836 - INFO - train - processed batch 681 of 829
2024-04-03 21:52:38,839 - INFO - train - processed batch 682 of 829
2024-04-03 21:52:38,844 - INFO - train - processed batch 683 of 829
2024-04-03 21:52:38,847 - INFO - train - processed batch 684 of 829
2024-04-03 21:52:38,850 - INFO - train - processed batch 685 of 829
2024-04-03 21:52:38,853 - INFO - train - processed batch 686 of 829
2024-04-03 21:52:38,855 - INFO - train - processed batch 687 of 829
2024-04-03 21:52:38,858 - INFO - train - processed batch 688 of 829
2024-04-03 21:52:38,861 - INFO - train - processed batch 689 of 829
2024-04-03 21:52:38,863 - INFO - train - processed batch 690 of 829
2024-04-03 21:52:38,866 - INFO - train - processed batch 691 of 829
2024-04-03 21:52:38,869 - INFO - train - processed batch 692 of 829
2024-04-03 21:52:38,871 - INFO - train - processed batch 693 of 829
2024-04-03 21:52:38,874 - INFO - train - processed batch 694 of 829
2024-04-03 21:52:38,877 - INFO - train - processed batch 695 of 829
2024-04-03 21:52:38,880 - INFO - train - processed batch 696 of 829
2024-04-03 21:52:38,882 - INFO - train - processed batch 697 of 829
2024-04-03 21:52:38,885 - INFO - train - processed batch 698 of 829
2024-04-03 21:52:38,888 - INFO - train - processed batch 699 of 829
2024-04-03 21:52:38,890 - INFO - train - processed batch 700 of 829
2024-04-03 21:52:38,893 - INFO - train - processed batch 701 of 829
2024-04-03 21:52:38,896 - INFO - train - processed batch 702 of 829
2024-04-03 21:52:38,898 - INFO - train - processed batch 703 of 829
2024-04-03 21:52:38,901 - INFO - train - processed batch 704 of 829
2024-04-03 21:52:38,904 - INFO - train - processed batch 705 of 829
2024-04-03 21:52:38,906 - INFO - train - processed batch 706 of 829
2024-04-03 21:52:38,911 - INFO - train - processed batch 707 of 829
2024-04-03 21:52:38,914 - INFO - train - processed batch 708 of 829
2024-04-03 21:52:38,919 - INFO - train - processed batch 709 of 829
2024-04-03 21:52:38,924 - INFO - train - processed batch 710 of 829
2024-04-03 21:52:38,930 - INFO - train - processed batch 711 of 829
2024-04-03 21:52:38,937 - INFO - train - processed batch 712 of 829
2024-04-03 21:52:38,942 - INFO - train - processed batch 713 of 829
2024-04-03 21:52:38,945 - INFO - train - processed batch 714 of 829
2024-04-03 21:52:38,947 - INFO - train - processed batch 715 of 829
2024-04-03 21:52:38,950 - INFO - train - processed batch 716 of 829
2024-04-03 21:52:38,954 - INFO - train - processed batch 717 of 829
2024-04-03 21:52:38,957 - INFO - train - processed batch 718 of 829
2024-04-03 21:52:38,960 - INFO - train - processed batch 719 of 829
2024-04-03 21:52:38,962 - INFO - train - processed batch 720 of 829
2024-04-03 21:52:38,965 - INFO - train - processed batch 721 of 829
2024-04-03 21:52:38,968 - INFO - train - processed batch 722 of 829
2024-04-03 21:52:38,971 - INFO - train - processed batch 723 of 829
2024-04-03 21:52:38,976 - INFO - train - processed batch 724 of 829
2024-04-03 21:52:38,979 - INFO - train - processed batch 725 of 829
2024-04-03 21:52:38,981 - INFO - train - processed batch 726 of 829
2024-04-03 21:52:38,984 - INFO - train - processed batch 727 of 829
2024-04-03 21:52:38,987 - INFO - train - processed batch 728 of 829
2024-04-03 21:52:38,989 - INFO - train - processed batch 729 of 829
2024-04-03 21:52:38,992 - INFO - train - processed batch 730 of 829
2024-04-03 21:52:38,995 - INFO - train - processed batch 731 of 829
2024-04-03 21:52:38,997 - INFO - train - processed batch 732 of 829
2024-04-03 21:52:39,000 - INFO - train - processed batch 733 of 829
2024-04-03 21:52:39,003 - INFO - train - processed batch 734 of 829
2024-04-03 21:52:39,005 - INFO - train - processed batch 735 of 829
2024-04-03 21:52:39,008 - INFO - train - processed batch 736 of 829
2024-04-03 21:52:39,011 - INFO - train - processed batch 737 of 829
2024-04-03 21:52:39,014 - INFO - train - processed batch 738 of 829
2024-04-03 21:52:39,019 - INFO - train - processed batch 739 of 829
2024-04-03 21:52:39,023 - INFO - train - processed batch 740 of 829
2024-04-03 21:52:39,026 - INFO - train - processed batch 741 of 829
2024-04-03 21:52:39,029 - INFO - train - processed batch 742 of 829
2024-04-03 21:52:39,031 - INFO - train - processed batch 743 of 829
2024-04-03 21:52:39,035 - INFO - train - processed batch 744 of 829
2024-04-03 21:52:39,037 - INFO - train - processed batch 745 of 829
2024-04-03 21:52:39,040 - INFO - train - processed batch 746 of 829
2024-04-03 21:52:39,042 - INFO - train - processed batch 747 of 829
2024-04-03 21:52:39,045 - INFO - train - processed batch 748 of 829
2024-04-03 21:52:39,048 - INFO - train - processed batch 749 of 829
2024-04-03 21:52:39,051 - INFO - train - processed batch 750 of 829
2024-04-03 21:52:39,054 - INFO - train - processed batch 751 of 829
2024-04-03 21:52:39,057 - INFO - train - processed batch 752 of 829
2024-04-03 21:52:39,061 - INFO - train - processed batch 753 of 829
2024-04-03 21:52:39,063 - INFO - train - processed batch 754 of 829
2024-04-03 21:52:39,065 - INFO - train - processed batch 755 of 829
2024-04-03 21:52:39,069 - INFO - train - processed batch 756 of 829
2024-04-03 21:52:39,071 - INFO - train - processed batch 757 of 829
2024-04-03 21:52:39,074 - INFO - train - processed batch 758 of 829
2024-04-03 21:52:39,078 - INFO - train - processed batch 759 of 829
2024-04-03 21:52:39,080 - INFO - train - processed batch 760 of 829
2024-04-03 21:52:39,082 - INFO - train - processed batch 761 of 829
2024-04-03 21:52:39,086 - INFO - train - processed batch 762 of 829
2024-04-03 21:52:39,089 - INFO - train - processed batch 763 of 829
2024-04-03 21:52:39,092 - INFO - train - processed batch 764 of 829
2024-04-03 21:52:39,095 - INFO - train - processed batch 765 of 829
2024-04-03 21:52:39,097 - INFO - train - processed batch 766 of 829
2024-04-03 21:52:39,101 - INFO - train - processed batch 767 of 829
2024-04-03 21:52:39,104 - INFO - train - processed batch 768 of 829
2024-04-03 21:52:39,106 - INFO - train - processed batch 769 of 829
2024-04-03 21:52:39,109 - INFO - train - processed batch 770 of 829
2024-04-03 21:52:39,113 - INFO - train - processed batch 771 of 829
2024-04-03 21:52:39,115 - INFO - train - processed batch 772 of 829
2024-04-03 21:52:39,118 - INFO - train - processed batch 773 of 829
2024-04-03 21:52:39,121 - INFO - train - processed batch 774 of 829
2024-04-03 21:52:39,124 - INFO - train - processed batch 775 of 829
2024-04-03 21:52:39,127 - INFO - train - processed batch 776 of 829
2024-04-03 21:52:39,129 - INFO - train - processed batch 777 of 829
2024-04-03 21:52:39,132 - INFO - train - processed batch 778 of 829
2024-04-03 21:52:39,136 - INFO - train - processed batch 779 of 829
2024-04-03 21:52:39,138 - INFO - train - processed batch 780 of 829
2024-04-03 21:52:39,141 - INFO - train - processed batch 781 of 829
2024-04-03 21:52:39,145 - INFO - train - processed batch 782 of 829
2024-04-03 21:52:39,147 - INFO - train - processed batch 783 of 829
2024-04-03 21:52:39,150 - INFO - train - processed batch 784 of 829
2024-04-03 21:52:39,153 - INFO - train - processed batch 785 of 829
2024-04-03 21:52:39,156 - INFO - train - processed batch 786 of 829
2024-04-03 21:52:39,159 - INFO - train - processed batch 787 of 829
2024-04-03 21:52:39,162 - INFO - train - processed batch 788 of 829
2024-04-03 21:52:39,164 - INFO - train - processed batch 789 of 829
2024-04-03 21:52:39,168 - INFO - train - processed batch 790 of 829
2024-04-03 21:52:39,171 - INFO - train - processed batch 791 of 829
2024-04-03 21:52:39,173 - INFO - train - processed batch 792 of 829
2024-04-03 21:52:39,176 - INFO - train - processed batch 793 of 829
2024-04-03 21:52:39,180 - INFO - train - processed batch 794 of 829
2024-04-03 21:52:39,182 - INFO - train - processed batch 795 of 829
2024-04-03 21:52:39,186 - INFO - train - processed batch 796 of 829
2024-04-03 21:52:39,189 - INFO - train - processed batch 797 of 829
2024-04-03 21:52:39,192 - INFO - train - processed batch 798 of 829
2024-04-03 21:52:39,195 - INFO - train - processed batch 799 of 829
2024-04-03 21:52:39,197 - INFO - train - processed batch 800 of 829
2024-04-03 21:52:39,201 - INFO - train - processed batch 801 of 829
2024-04-03 21:52:39,204 - INFO - train - processed batch 802 of 829
2024-04-03 21:52:39,206 - INFO - train - processed batch 803 of 829
2024-04-03 21:52:39,209 - INFO - train - processed batch 804 of 829
2024-04-03 21:52:39,213 - INFO - train - processed batch 805 of 829
2024-04-03 21:52:39,215 - INFO - train - processed batch 806 of 829
2024-04-03 21:52:39,218 - INFO - train - processed batch 807 of 829
2024-04-03 21:52:39,221 - INFO - train - processed batch 808 of 829
2024-04-03 21:52:39,224 - INFO - train - processed batch 809 of 829
2024-04-03 21:52:39,227 - INFO - train - processed batch 810 of 829
2024-04-03 21:52:39,230 - INFO - train - processed batch 811 of 829
2024-04-03 21:52:39,232 - INFO - train - processed batch 812 of 829
2024-04-03 21:52:39,236 - INFO - train - processed batch 813 of 829
2024-04-03 21:52:39,239 - INFO - train - processed batch 814 of 829
2024-04-03 21:52:39,242 - INFO - train - processed batch 815 of 829
2024-04-03 21:52:39,245 - INFO - train - processed batch 816 of 829
2024-04-03 21:52:39,248 - INFO - train - processed batch 817 of 829
2024-04-03 21:52:39,251 - INFO - train - processed batch 818 of 829
2024-04-03 21:52:39,253 - INFO - train - processed batch 819 of 829
2024-04-03 21:52:39,257 - INFO - train - processed batch 820 of 829
2024-04-03 21:52:39,260 - INFO - train - processed batch 821 of 829
2024-04-03 21:52:39,263 - INFO - train - processed batch 822 of 829
2024-04-03 21:52:39,265 - INFO - train - processed batch 823 of 829
2024-04-03 21:52:39,269 - INFO - train - processed batch 824 of 829
2024-04-03 21:52:39,272 - INFO - train - processed batch 825 of 829
2024-04-03 21:52:39,274 - INFO - train - processed batch 826 of 829
2024-04-03 21:52:39,277 - INFO - train - processed batch 827 of 829
2024-04-03 21:52:39,281 - INFO - train - processed batch 828 of 829
2024-04-03 21:52:39,283 - INFO - train - processed batch 829 of 829
2024-04-03 21:52:39,288 - INFO - val - processed batch 1 of 138
2024-04-03 21:52:39,291 - INFO - val - processed batch 2 of 138
2024-04-03 21:52:39,294 - INFO - val - processed batch 3 of 138
2024-04-03 21:52:39,297 - INFO - val - processed batch 4 of 138
2024-04-03 21:52:39,299 - INFO - val - processed batch 5 of 138
2024-04-03 21:52:39,304 - INFO - val - processed batch 6 of 138
2024-04-03 21:52:39,306 - INFO - val - processed batch 7 of 138
2024-04-03 21:52:39,309 - INFO - val - processed batch 8 of 138
2024-04-03 21:52:39,312 - INFO - val - processed batch 9 of 138
2024-04-03 21:52:39,315 - INFO - val - processed batch 10 of 138
2024-04-03 21:52:39,319 - INFO - val - processed batch 11 of 138
2024-04-03 21:52:39,321 - INFO - val - processed batch 12 of 138
2024-04-03 21:52:39,325 - INFO - val - processed batch 13 of 138
2024-04-03 21:52:39,328 - INFO - val - processed batch 14 of 138
2024-04-03 21:52:39,331 - INFO - val - processed batch 15 of 138
2024-04-03 21:52:39,333 - INFO - val - processed batch 16 of 138
2024-04-03 21:52:39,337 - INFO - val - processed batch 17 of 138
2024-04-03 21:52:39,339 - INFO - val - processed batch 18 of 138
2024-04-03 21:52:39,342 - INFO - val - processed batch 19 of 138
2024-04-03 21:52:39,345 - INFO - val - processed batch 20 of 138
2024-04-03 21:52:39,348 - INFO - val - processed batch 21 of 138
2024-04-03 21:52:39,352 - INFO - val - processed batch 22 of 138
2024-04-03 21:52:39,354 - INFO - val - processed batch 23 of 138
2024-04-03 21:52:39,357 - INFO - val - processed batch 24 of 138
2024-04-03 21:52:39,361 - INFO - val - processed batch 25 of 138
2024-04-03 21:52:39,363 - INFO - val - processed batch 26 of 138
2024-04-03 21:52:39,366 - INFO - val - processed batch 27 of 138
2024-04-03 21:52:39,371 - INFO - val - processed batch 28 of 138
2024-04-03 21:52:39,373 - INFO - val - processed batch 29 of 138
2024-04-03 21:52:39,376 - INFO - val - processed batch 30 of 138
2024-04-03 21:52:39,379 - INFO - val - processed batch 31 of 138
2024-04-03 21:52:39,382 - INFO - val - processed batch 32 of 138
2024-04-03 21:52:39,385 - INFO - val - processed batch 33 of 138
2024-04-03 21:52:39,388 - INFO - val - processed batch 34 of 138
2024-04-03 21:52:39,391 - INFO - val - processed batch 35 of 138
2024-04-03 21:52:39,394 - INFO - val - processed batch 36 of 138
2024-04-03 21:52:39,397 - INFO - val - processed batch 37 of 138
2024-04-03 21:52:39,399 - INFO - val - processed batch 38 of 138
2024-04-03 21:52:39,403 - INFO - val - processed batch 39 of 138
2024-04-03 21:52:39,406 - INFO - val - processed batch 40 of 138
2024-04-03 21:52:39,409 - INFO - val - processed batch 41 of 138
2024-04-03 21:52:39,411 - INFO - val - processed batch 42 of 138
2024-04-03 21:52:39,415 - INFO - val - processed batch 43 of 138
2024-04-03 21:52:39,418 - INFO - val - processed batch 44 of 138
2024-04-03 21:52:39,421 - INFO - val - processed batch 45 of 138
2024-04-03 21:52:39,424 - INFO - val - processed batch 46 of 138
2024-04-03 21:52:39,428 - INFO - val - processed batch 47 of 138
2024-04-03 21:52:39,430 - INFO - val - processed batch 48 of 138
2024-04-03 21:52:39,433 - INFO - val - processed batch 49 of 138
2024-04-03 21:52:39,437 - INFO - val - processed batch 50 of 138
2024-04-03 21:52:39,439 - INFO - val - processed batch 51 of 138
2024-04-03 21:52:39,442 - INFO - val - processed batch 52 of 138
2024-04-03 21:52:39,445 - INFO - val - processed batch 53 of 138
2024-04-03 21:52:39,448 - INFO - val - processed batch 54 of 138
2024-04-03 21:52:39,451 - INFO - val - processed batch 55 of 138
2024-04-03 21:52:39,454 - INFO - val - processed batch 56 of 138
2024-04-03 21:52:39,457 - INFO - val - processed batch 57 of 138
2024-04-03 21:52:39,461 - INFO - val - processed batch 58 of 138
2024-04-03 21:52:39,463 - INFO - val - processed batch 59 of 138
2024-04-03 21:52:39,465 - INFO - val - processed batch 60 of 138
2024-04-03 21:52:39,468 - INFO - val - processed batch 61 of 138
2024-04-03 21:52:39,472 - INFO - val - processed batch 62 of 138
2024-04-03 21:52:39,475 - INFO - val - processed batch 63 of 138
2024-04-03 21:52:39,478 - INFO - val - processed batch 64 of 138
2024-04-03 21:52:39,480 - INFO - val - processed batch 65 of 138
2024-04-03 21:52:39,484 - INFO - val - processed batch 66 of 138
2024-04-03 21:52:39,486 - INFO - val - processed batch 67 of 138
2024-04-03 21:52:39,489 - INFO - val - processed batch 68 of 138
2024-04-03 21:52:39,492 - INFO - val - processed batch 69 of 138
2024-04-03 21:52:39,495 - INFO - val - processed batch 70 of 138
2024-04-03 21:52:39,498 - INFO - val - processed batch 71 of 138
2024-04-03 21:52:39,501 - INFO - val - processed batch 72 of 138
2024-04-03 21:52:39,504 - INFO - val - processed batch 73 of 138
2024-04-03 21:52:39,507 - INFO - val - processed batch 74 of 138
2024-04-03 21:52:39,510 - INFO - val - processed batch 75 of 138
2024-04-03 21:52:39,513 - INFO - val - processed batch 76 of 138
2024-04-03 21:52:39,516 - INFO - val - processed batch 77 of 138
2024-04-03 21:52:39,519 - INFO - val - processed batch 78 of 138
2024-04-03 21:52:39,522 - INFO - val - processed batch 79 of 138
2024-04-03 21:52:39,524 - INFO - val - processed batch 80 of 138
2024-04-03 21:52:39,529 - INFO - val - processed batch 81 of 138
2024-04-03 21:52:39,531 - INFO - val - processed batch 82 of 138
2024-04-03 21:52:39,534 - INFO - val - processed batch 83 of 138
2024-04-03 21:52:39,537 - INFO - val - processed batch 84 of 138
2024-04-03 21:52:39,541 - INFO - val - processed batch 85 of 138
2024-04-03 21:52:39,544 - INFO - val - processed batch 86 of 138
2024-04-03 21:52:39,546 - INFO - val - processed batch 87 of 138
2024-04-03 21:52:39,550 - INFO - val - processed batch 88 of 138
2024-04-03 21:52:39,553 - INFO - val - processed batch 89 of 138
2024-04-03 21:52:39,556 - INFO - val - processed batch 90 of 138
2024-04-03 21:52:39,562 - INFO - val - processed batch 91 of 138
2024-04-03 21:52:39,565 - INFO - val - processed batch 92 of 138
2024-04-03 21:52:39,568 - INFO - val - processed batch 93 of 138
2024-04-03 21:52:39,571 - INFO - val - processed batch 94 of 138
2024-04-03 21:52:39,574 - INFO - val - processed batch 95 of 138
2024-04-03 21:52:39,578 - INFO - val - processed batch 96 of 138
2024-04-03 21:52:39,580 - INFO - val - processed batch 97 of 138
2024-04-03 21:52:39,584 - INFO - val - processed batch 98 of 138
2024-04-03 21:52:39,587 - INFO - val - processed batch 99 of 138
2024-04-03 21:52:39,589 - INFO - val - processed batch 100 of 138
2024-04-03 21:52:39,592 - INFO - val - processed batch 101 of 138
2024-04-03 21:52:39,595 - INFO - val - processed batch 102 of 138
2024-04-03 21:52:39,598 - INFO - val - processed batch 103 of 138
2024-04-03 21:52:39,601 - INFO - val - processed batch 104 of 138
2024-04-03 21:52:39,604 - INFO - val - processed batch 105 of 138
2024-04-03 21:52:39,607 - INFO - val - processed batch 106 of 138
2024-04-03 21:52:39,610 - INFO - val - processed batch 107 of 138
2024-04-03 21:52:39,613 - INFO - val - processed batch 108 of 138
2024-04-03 21:52:39,615 - INFO - val - processed batch 109 of 138
2024-04-03 21:52:39,619 - INFO - val - processed batch 110 of 138
2024-04-03 21:52:39,622 - INFO - val - processed batch 111 of 138
2024-04-03 21:52:39,624 - INFO - val - processed batch 112 of 138
2024-04-03 21:52:39,628 - INFO - val - processed batch 113 of 138
2024-04-03 21:52:39,631 - INFO - val - processed batch 114 of 138
2024-04-03 21:52:39,634 - INFO - val - processed batch 115 of 138
2024-04-03 21:52:39,637 - INFO - val - processed batch 116 of 138
2024-04-03 21:52:39,641 - INFO - val - processed batch 117 of 138
2024-04-03 21:52:39,644 - INFO - val - processed batch 118 of 138
2024-04-03 21:52:39,647 - INFO - val - processed batch 119 of 138
2024-04-03 21:52:39,650 - INFO - val - processed batch 120 of 138
2024-04-03 21:52:39,653 - INFO - val - processed batch 121 of 138
2024-04-03 21:52:39,656 - INFO - val - processed batch 122 of 138
2024-04-03 21:52:39,658 - INFO - val - processed batch 123 of 138
2024-04-03 21:52:39,662 - INFO - val - processed batch 124 of 138
2024-04-03 21:52:39,665 - INFO - val - processed batch 125 of 138
2024-04-03 21:52:39,668 - INFO - val - processed batch 126 of 138
2024-04-03 21:52:39,671 - INFO - val - processed batch 127 of 138
2024-04-03 21:52:39,674 - INFO - val - processed batch 128 of 138
2024-04-03 21:52:39,677 - INFO - val - processed batch 129 of 138
2024-04-03 21:52:39,680 - INFO - val - processed batch 130 of 138
2024-04-03 21:52:39,682 - INFO - val - processed batch 131 of 138
2024-04-03 21:52:39,686 - INFO - val - processed batch 132 of 138
2024-04-03 21:52:39,688 - INFO - val - processed batch 133 of 138
2024-04-03 21:52:39,691 - INFO - val - processed batch 134 of 138
2024-04-03 21:52:39,694 - INFO - val - processed batch 135 of 138
2024-04-03 21:52:39,697 - INFO - val - processed batch 136 of 138
2024-04-03 21:52:39,700 - INFO - val - processed batch 137 of 138
2024-04-03 21:52:39,703 - INFO - val - processed batch 138 of 138
2024-04-03 21:52:47,678 - INFO - test - processed batch 1 of 415
2024-04-03 21:52:54,547 - INFO - test - processed batch 2 of 415
2024-04-03 21:53:01,416 - INFO - test - processed batch 3 of 415
2024-04-03 21:53:08,572 - INFO - test - processed batch 4 of 415
2024-04-03 21:53:15,527 - INFO - test - processed batch 5 of 415
2024-04-03 21:53:22,407 - INFO - test - processed batch 6 of 415
2024-04-03 21:53:29,294 - INFO - test - processed batch 7 of 415
2024-04-03 21:53:36,190 - INFO - test - processed batch 8 of 415
2024-04-03 21:53:43,082 - INFO - test - processed batch 9 of 415
2024-04-03 21:53:49,919 - INFO - test - processed batch 10 of 415
2024-04-03 21:53:56,941 - INFO - test - processed batch 11 of 415
2024-04-03 21:54:03,669 - INFO - test - processed batch 12 of 415
2024-04-03 21:54:10,436 - INFO - test - processed batch 13 of 415
2024-04-03 21:54:17,277 - INFO - test - processed batch 14 of 415
2024-04-03 21:54:24,080 - INFO - test - processed batch 15 of 415
2024-04-03 21:54:30,852 - INFO - test - processed batch 16 of 415
2024-04-03 21:54:37,735 - INFO - test - processed batch 17 of 415
2024-04-03 21:54:44,604 - INFO - test - processed batch 18 of 415
2024-04-03 21:54:51,389 - INFO - test - processed batch 19 of 415
2024-04-03 21:54:58,253 - INFO - test - processed batch 20 of 415
2024-04-03 21:55:05,053 - INFO - test - processed batch 21 of 415
2024-04-03 21:55:11,917 - INFO - test - processed batch 22 of 415
2024-04-03 21:55:18,768 - INFO - test - processed batch 23 of 415
2024-04-03 21:55:25,463 - INFO - test - processed batch 24 of 415
2024-04-03 21:55:32,308 - INFO - test - processed batch 25 of 415
2024-04-03 21:55:39,537 - INFO - test - processed batch 26 of 415
2024-04-03 21:55:46,248 - INFO - test - processed batch 27 of 415
2024-04-03 21:55:53,286 - INFO - test - processed batch 28 of 415
2024-04-03 21:56:00,066 - INFO - test - processed batch 29 of 415
2024-04-03 21:56:06,980 - INFO - test - processed batch 30 of 415
2024-04-03 21:56:13,698 - INFO - test - processed batch 31 of 415
2024-04-03 21:56:20,741 - INFO - test - processed batch 32 of 415
2024-04-03 21:56:27,105 - INFO - test - processed batch 33 of 415
2024-04-03 21:56:33,217 - INFO - test - processed batch 34 of 415
2024-04-03 21:56:39,414 - INFO - test - processed batch 35 of 415
2024-04-03 21:56:45,708 - INFO - test - processed batch 36 of 415
2024-04-03 21:56:51,857 - INFO - test - processed batch 37 of 415
2024-04-03 21:56:58,006 - INFO - test - processed batch 38 of 415
2024-04-03 21:57:04,201 - INFO - test - processed batch 39 of 415
2024-04-03 21:57:10,431 - INFO - test - processed batch 40 of 415
2024-04-03 21:57:16,649 - INFO - test - processed batch 41 of 415
2024-04-03 21:57:22,835 - INFO - test - processed batch 42 of 415
2024-04-03 21:57:29,220 - INFO - test - processed batch 43 of 415
2024-04-03 21:57:35,462 - INFO - test - processed batch 44 of 415
2024-04-03 21:57:41,635 - INFO - test - processed batch 45 of 415
2024-04-03 21:57:47,952 - INFO - test - processed batch 46 of 415
2024-04-03 21:57:55,618 - INFO - test - processed batch 47 of 415
2024-04-03 21:58:03,026 - INFO - test - processed batch 48 of 415
2024-04-03 21:58:11,788 - INFO - test - processed batch 49 of 415
2024-04-03 21:58:18,986 - INFO - test - processed batch 50 of 415
2024-04-03 21:58:25,364 - INFO - test - processed batch 51 of 415
2024-04-03 21:58:31,542 - INFO - test - processed batch 52 of 415
2024-04-03 21:58:37,594 - INFO - test - processed batch 53 of 415
2024-04-03 21:58:43,803 - INFO - test - processed batch 54 of 415
2024-04-03 21:58:49,873 - INFO - test - processed batch 55 of 415
2024-04-03 21:58:56,018 - INFO - test - processed batch 56 of 415
2024-04-03 21:59:02,211 - INFO - test - processed batch 57 of 415
2024-04-03 21:59:08,525 - INFO - test - processed batch 58 of 415
2024-04-03 21:59:14,749 - INFO - test - processed batch 59 of 415
2024-04-03 21:59:22,354 - INFO - test - processed batch 60 of 415
2024-04-03 21:59:28,569 - INFO - test - processed batch 61 of 415
2024-04-03 21:59:34,714 - INFO - test - processed batch 62 of 415
2024-04-03 21:59:40,874 - INFO - test - processed batch 63 of 415
2024-04-03 21:59:47,195 - INFO - test - processed batch 64 of 415
2024-04-03 21:59:53,411 - INFO - test - processed batch 65 of 415
2024-04-03 21:59:59,613 - INFO - test - processed batch 66 of 415
2024-04-03 22:00:06,060 - INFO - test - processed batch 67 of 415
2024-04-03 22:00:12,333 - INFO - test - processed batch 68 of 415
2024-04-03 22:00:18,665 - INFO - test - processed batch 69 of 415
2024-04-03 22:00:24,868 - INFO - test - processed batch 70 of 415
2024-04-03 22:00:31,301 - INFO - test - processed batch 71 of 415
2024-04-03 22:00:37,642 - INFO - test - processed batch 72 of 415
2024-04-03 22:00:43,979 - INFO - test - processed batch 73 of 415
2024-04-03 22:00:50,347 - INFO - test - processed batch 74 of 415
2024-04-03 22:00:56,559 - INFO - test - processed batch 75 of 415
2024-04-03 22:01:02,792 - INFO - test - processed batch 76 of 415
2024-04-03 22:01:09,154 - INFO - test - processed batch 77 of 415
2024-04-03 22:01:15,503 - INFO - test - processed batch 78 of 415
2024-04-03 22:01:21,912 - INFO - test - processed batch 79 of 415
2024-04-03 22:01:28,402 - INFO - test - processed batch 80 of 415
2024-04-03 22:01:35,216 - INFO - test - processed batch 81 of 415
2024-04-03 22:01:41,522 - INFO - test - processed batch 82 of 415
2024-04-03 22:01:47,987 - INFO - test - processed batch 83 of 415
2024-04-03 22:01:54,503 - INFO - test - processed batch 84 of 415
2024-04-03 22:02:01,614 - INFO - test - processed batch 85 of 415
2024-04-03 22:02:07,936 - INFO - test - processed batch 86 of 415
2024-04-03 22:02:14,612 - INFO - test - processed batch 87 of 415
2024-04-03 22:02:21,114 - INFO - test - processed batch 88 of 415
2024-04-03 22:02:27,604 - INFO - test - processed batch 89 of 415
2024-04-03 22:02:33,984 - INFO - test - processed batch 90 of 415
2024-04-03 22:02:40,435 - INFO - test - processed batch 91 of 415
2024-04-03 22:02:47,124 - INFO - test - processed batch 92 of 415
2024-04-03 22:02:53,568 - INFO - test - processed batch 93 of 415
2024-04-03 22:02:59,967 - INFO - test - processed batch 94 of 415
2024-04-03 22:03:06,901 - INFO - test - processed batch 95 of 415
2024-04-03 22:03:12,921 - INFO - test - processed batch 96 of 415
2024-04-03 22:03:19,265 - INFO - test - processed batch 97 of 415
2024-04-03 22:03:25,530 - INFO - test - processed batch 98 of 415
2024-04-03 22:03:31,861 - INFO - test - processed batch 99 of 415
2024-04-03 22:03:38,145 - INFO - test - processed batch 100 of 415
2024-04-03 22:03:45,074 - INFO - test - processed batch 101 of 415
2024-04-03 22:03:51,319 - INFO - test - processed batch 102 of 415
2024-04-03 22:03:57,581 - INFO - test - processed batch 103 of 415
2024-04-03 22:04:03,745 - INFO - test - processed batch 104 of 415
2024-04-03 22:04:10,146 - INFO - test - processed batch 105 of 415
2024-04-03 22:04:16,548 - INFO - test - processed batch 106 of 415
2024-04-03 22:04:23,922 - INFO - test - processed batch 107 of 415
2024-04-03 22:04:31,556 - INFO - test - processed batch 108 of 415
2024-04-03 22:04:38,378 - INFO - test - processed batch 109 of 415
2024-04-03 22:04:45,061 - INFO - test - processed batch 110 of 415
2024-04-03 22:04:51,874 - INFO - test - processed batch 111 of 415
2024-04-03 22:04:59,184 - INFO - test - processed batch 112 of 415
2024-04-03 22:05:06,963 - INFO - test - processed batch 113 of 415
2024-04-03 22:05:13,762 - INFO - test - processed batch 114 of 415
2024-04-03 22:05:20,338 - INFO - test - processed batch 115 of 415
2024-04-03 22:05:28,273 - INFO - test - processed batch 116 of 415
2024-04-03 22:05:34,674 - INFO - test - processed batch 117 of 415
2024-04-03 22:05:41,520 - INFO - test - processed batch 118 of 415
2024-04-03 22:05:47,897 - INFO - test - processed batch 119 of 415
2024-04-03 22:05:54,185 - INFO - test - processed batch 120 of 415
2024-04-03 22:06:00,700 - INFO - test - processed batch 121 of 415
2024-04-03 22:06:06,903 - INFO - test - processed batch 122 of 415
2024-04-03 22:06:13,214 - INFO - test - processed batch 123 of 415
2024-04-03 22:06:19,488 - INFO - test - processed batch 124 of 415
2024-04-03 22:06:25,834 - INFO - test - processed batch 125 of 415
2024-04-03 22:06:32,168 - INFO - test - processed batch 126 of 415
2024-04-03 22:06:38,513 - INFO - test - processed batch 127 of 415
2024-04-03 22:06:44,737 - INFO - test - processed batch 128 of 415
2024-04-03 22:06:51,077 - INFO - test - processed batch 129 of 415
2024-04-03 22:06:57,222 - INFO - test - processed batch 130 of 415
2024-04-03 22:07:03,780 - INFO - test - processed batch 131 of 415
2024-04-03 22:07:10,150 - INFO - test - processed batch 132 of 415
2024-04-03 22:07:16,409 - INFO - test - processed batch 133 of 415
2024-04-03 22:07:22,641 - INFO - test - processed batch 134 of 415
2024-04-03 22:07:30,155 - INFO - test - processed batch 135 of 415
2024-04-03 22:07:36,356 - INFO - test - processed batch 136 of 415
2024-04-03 22:07:42,465 - INFO - test - processed batch 137 of 415
2024-04-03 22:07:48,643 - INFO - test - processed batch 138 of 415
2024-04-03 22:07:54,803 - INFO - test - processed batch 139 of 415
2024-04-03 22:08:01,010 - INFO - test - processed batch 140 of 415
2024-04-03 22:08:07,112 - INFO - test - processed batch 141 of 415
2024-04-03 22:08:13,352 - INFO - test - processed batch 142 of 415
2024-04-03 22:08:19,877 - INFO - test - processed batch 143 of 415
2024-04-03 22:08:26,302 - INFO - test - processed batch 144 of 415
2024-04-03 22:08:32,125 - INFO - test - processed batch 145 of 415
2024-04-03 22:08:38,602 - INFO - test - processed batch 146 of 415
2024-04-03 22:08:44,470 - INFO - test - processed batch 147 of 415
2024-04-03 22:08:50,465 - INFO - test - processed batch 148 of 415
2024-04-03 22:08:56,564 - INFO - test - processed batch 149 of 415
2024-04-03 22:09:03,597 - INFO - test - processed batch 150 of 415
2024-04-03 22:09:09,714 - INFO - test - processed batch 151 of 415
2024-04-03 22:09:15,894 - INFO - test - processed batch 152 of 415
2024-04-03 22:09:22,725 - INFO - test - processed batch 153 of 415
2024-04-03 22:09:29,993 - INFO - test - processed batch 154 of 415
2024-04-03 22:09:37,010 - INFO - test - processed batch 155 of 415
2024-04-03 22:09:43,851 - INFO - test - processed batch 156 of 415
2024-04-03 22:09:50,073 - INFO - test - processed batch 157 of 415
2024-04-03 22:09:56,349 - INFO - test - processed batch 158 of 415
2024-04-03 22:10:02,663 - INFO - test - processed batch 159 of 415
2024-04-03 22:10:08,772 - INFO - test - processed batch 160 of 415
2024-04-03 22:10:15,063 - INFO - test - processed batch 161 of 415
2024-04-03 22:10:21,463 - INFO - test - processed batch 162 of 415
2024-04-03 22:10:27,636 - INFO - test - processed batch 163 of 415
2024-04-03 22:10:33,855 - INFO - test - processed batch 164 of 415
2024-04-03 22:10:40,108 - INFO - test - processed batch 165 of 415
2024-04-03 22:10:46,901 - INFO - test - processed batch 166 of 415
2024-04-03 22:10:54,038 - INFO - test - processed batch 167 of 415
2024-04-03 22:11:02,889 - INFO - test - processed batch 168 of 415
2024-04-03 22:11:09,543 - INFO - test - processed batch 169 of 415
2024-04-03 22:11:15,882 - INFO - test - processed batch 170 of 415
2024-04-03 22:11:21,966 - INFO - test - processed batch 171 of 415
2024-04-03 22:11:30,117 - INFO - test - processed batch 172 of 415
2024-04-03 22:11:36,292 - INFO - test - processed batch 173 of 415
2024-04-03 22:11:44,105 - INFO - test - processed batch 174 of 415
2024-04-03 22:11:50,271 - INFO - test - processed batch 175 of 415
2024-04-03 22:11:56,533 - INFO - test - processed batch 176 of 415
2024-04-03 22:12:04,183 - INFO - test - processed batch 177 of 415
2024-04-03 22:12:10,443 - INFO - test - processed batch 178 of 415
2024-04-03 22:12:16,692 - INFO - test - processed batch 179 of 415
2024-04-03 22:12:23,003 - INFO - test - processed batch 180 of 415
2024-04-03 22:12:29,293 - INFO - test - processed batch 181 of 415
2024-04-03 22:12:35,554 - INFO - test - processed batch 182 of 415
2024-04-03 22:12:42,032 - INFO - test - processed batch 183 of 415
2024-04-03 22:12:51,842 - INFO - test - processed batch 184 of 415
2024-04-03 22:13:05,823 - INFO - test - processed batch 185 of 415
2024-04-03 22:13:18,353 - INFO - test - processed batch 186 of 415
2024-04-03 22:13:34,142 - INFO - test - processed batch 187 of 415
2024-04-03 22:13:49,258 - INFO - test - processed batch 188 of 415
2024-04-03 22:14:03,676 - INFO - test - processed batch 189 of 415
2024-04-03 22:14:18,687 - INFO - test - processed batch 190 of 415
2024-04-03 22:14:32,774 - INFO - test - processed batch 191 of 415
2024-04-03 22:14:46,804 - INFO - test - processed batch 192 of 415
2024-04-03 22:14:59,720 - INFO - test - processed batch 193 of 415
2024-04-03 22:15:11,034 - INFO - test - processed batch 194 of 415
2024-04-03 22:15:17,324 - INFO - test - processed batch 195 of 415
2024-04-03 22:15:23,494 - INFO - test - processed batch 196 of 415
2024-04-03 22:15:29,789 - INFO - test - processed batch 197 of 415
2024-04-03 22:15:37,802 - INFO - test - processed batch 198 of 415
2024-04-03 22:15:43,562 - INFO - test - processed batch 199 of 415
2024-04-03 22:15:49,369 - INFO - test - processed batch 200 of 415
2024-04-03 22:15:55,502 - INFO - test - processed batch 201 of 415
2024-04-03 22:16:01,385 - INFO - test - processed batch 202 of 415
2024-04-03 22:16:07,285 - INFO - test - processed batch 203 of 415
2024-04-03 22:16:13,315 - INFO - test - processed batch 204 of 415
2024-04-03 22:16:19,243 - INFO - test - processed batch 205 of 415
2024-04-03 22:16:25,316 - INFO - test - processed batch 206 of 415
2024-04-03 22:16:31,388 - INFO - test - processed batch 207 of 415
2024-04-03 22:16:37,444 - INFO - test - processed batch 208 of 415
2024-04-03 22:16:43,585 - INFO - test - processed batch 209 of 415
2024-04-03 22:16:51,149 - INFO - test - processed batch 210 of 415
2024-04-03 22:16:57,254 - INFO - test - processed batch 211 of 415
2024-04-03 22:17:03,443 - INFO - test - processed batch 212 of 415
2024-04-03 22:17:09,634 - INFO - test - processed batch 213 of 415
2024-04-03 22:17:15,933 - INFO - test - processed batch 214 of 415
2024-04-03 22:17:22,185 - INFO - test - processed batch 215 of 415
2024-04-03 22:17:28,555 - INFO - test - processed batch 216 of 415
2024-04-03 22:17:34,844 - INFO - test - processed batch 217 of 415
2024-04-03 22:17:41,144 - INFO - test - processed batch 218 of 415
2024-04-03 22:17:47,518 - INFO - test - processed batch 219 of 415
2024-04-03 22:17:53,735 - INFO - test - processed batch 220 of 415
2024-04-03 22:17:59,996 - INFO - test - processed batch 221 of 415
2024-04-03 22:18:06,256 - INFO - test - processed batch 222 of 415
2024-04-03 22:18:12,624 - INFO - test - processed batch 223 of 415
2024-04-03 22:18:19,074 - INFO - test - processed batch 224 of 415
2024-04-03 22:18:25,362 - INFO - test - processed batch 225 of 415
2024-04-03 22:18:31,613 - INFO - test - processed batch 226 of 415
2024-04-03 22:18:37,869 - INFO - test - processed batch 227 of 415
2024-04-03 22:18:44,164 - INFO - test - processed batch 228 of 415
2024-04-03 22:18:50,536 - INFO - test - processed batch 229 of 415
2024-04-03 22:18:56,483 - INFO - test - processed batch 230 of 415
2024-04-03 22:19:02,567 - INFO - test - processed batch 231 of 415
2024-04-03 22:19:08,772 - INFO - test - processed batch 232 of 415
2024-04-03 22:19:15,103 - INFO - test - processed batch 233 of 415
2024-04-03 22:19:21,419 - INFO - test - processed batch 234 of 415
2024-04-03 22:19:27,635 - INFO - test - processed batch 235 of 415
2024-04-03 22:19:33,834 - INFO - test - processed batch 236 of 415
2024-04-03 22:19:39,951 - INFO - test - processed batch 237 of 415
2024-04-03 22:19:46,150 - INFO - test - processed batch 238 of 415
2024-04-03 22:19:52,385 - INFO - test - processed batch 239 of 415
2024-04-03 22:19:59,510 - INFO - test - processed batch 240 of 415
2024-04-03 22:20:05,803 - INFO - test - processed batch 241 of 415
2024-04-03 22:20:13,333 - INFO - test - processed batch 242 of 415
2024-04-03 22:20:21,264 - INFO - test - processed batch 243 of 415
2024-04-03 22:20:28,266 - INFO - test - processed batch 244 of 415
2024-04-03 22:20:35,593 - INFO - test - processed batch 245 of 415
2024-04-03 22:20:42,310 - INFO - test - processed batch 246 of 415
2024-04-03 22:20:48,844 - INFO - test - processed batch 247 of 415
2024-04-03 22:20:55,565 - INFO - test - processed batch 248 of 415
2024-04-03 22:21:02,167 - INFO - test - processed batch 249 of 415
2024-04-03 22:21:08,668 - INFO - test - processed batch 250 of 415
2024-04-03 22:21:15,257 - INFO - test - processed batch 251 of 415
2024-04-03 22:21:21,787 - INFO - test - processed batch 252 of 415
2024-04-03 22:21:28,275 - INFO - test - processed batch 253 of 415
2024-04-03 22:21:34,601 - INFO - test - processed batch 254 of 415
2024-04-03 22:21:40,895 - INFO - test - processed batch 255 of 415
2024-04-03 22:21:47,453 - INFO - test - processed batch 256 of 415
2024-04-03 22:21:55,055 - INFO - test - processed batch 257 of 415
2024-04-03 22:22:03,243 - INFO - test - processed batch 258 of 415
2024-04-03 22:22:10,007 - INFO - test - processed batch 259 of 415
2024-04-03 22:22:16,671 - INFO - test - processed batch 260 of 415
2024-04-03 22:22:23,274 - INFO - test - processed batch 261 of 415
2024-04-03 22:22:30,501 - INFO - test - processed batch 262 of 415
2024-04-03 22:22:37,019 - INFO - test - processed batch 263 of 415
2024-04-03 22:22:43,872 - INFO - test - processed batch 264 of 415
2024-04-03 22:22:50,829 - INFO - test - processed batch 265 of 415
2024-04-03 22:22:58,124 - INFO - test - processed batch 266 of 415
2024-04-03 22:23:05,153 - INFO - test - processed batch 267 of 415
2024-04-03 22:23:12,357 - INFO - test - processed batch 268 of 415
2024-04-03 22:23:19,355 - INFO - test - processed batch 269 of 415
2024-04-03 22:23:26,652 - INFO - test - processed batch 270 of 415
2024-04-03 22:23:33,732 - INFO - test - processed batch 271 of 415
2024-04-03 22:23:41,173 - INFO - test - processed batch 272 of 415
2024-04-03 22:23:47,624 - INFO - test - processed batch 273 of 415
2024-04-03 22:23:54,214 - INFO - test - processed batch 274 of 415
2024-04-03 22:24:00,580 - INFO - test - processed batch 275 of 415
2024-04-03 22:24:06,991 - INFO - test - processed batch 276 of 415
2024-04-03 22:24:13,614 - INFO - test - processed batch 277 of 415
2024-04-03 22:24:20,135 - INFO - test - processed batch 278 of 415
2024-04-03 22:24:26,588 - INFO - test - processed batch 279 of 415
2024-04-03 22:24:32,937 - INFO - test - processed batch 280 of 415
2024-04-03 22:24:39,315 - INFO - test - processed batch 281 of 415
2024-04-03 22:24:45,669 - INFO - test - processed batch 282 of 415
2024-04-03 22:24:53,385 - INFO - test - processed batch 283 of 415
2024-04-03 22:25:00,933 - INFO - test - processed batch 284 of 415
2024-04-03 22:25:07,597 - INFO - test - processed batch 285 of 415
2024-04-03 22:25:14,069 - INFO - test - processed batch 286 of 415
2024-04-03 22:25:20,475 - INFO - test - processed batch 287 of 415
2024-04-03 22:25:26,898 - INFO - test - processed batch 288 of 415
2024-04-03 22:25:33,492 - INFO - test - processed batch 289 of 415
2024-04-03 22:25:40,197 - INFO - test - processed batch 290 of 415
2024-04-03 22:25:46,788 - INFO - test - processed batch 291 of 415
2024-04-03 22:25:54,150 - INFO - test - processed batch 292 of 415
2024-04-03 22:26:00,673 - INFO - test - processed batch 293 of 415
2024-04-03 22:26:07,048 - INFO - test - processed batch 294 of 415
2024-04-03 22:26:13,501 - INFO - test - processed batch 295 of 415
2024-04-03 22:26:20,060 - INFO - test - processed batch 296 of 415
2024-04-03 22:26:26,584 - INFO - test - processed batch 297 of 415
2024-04-03 22:26:33,264 - INFO - test - processed batch 298 of 415
2024-04-03 22:26:39,575 - INFO - test - processed batch 299 of 415
2024-04-03 22:26:46,045 - INFO - test - processed batch 300 of 415
2024-04-03 22:26:52,516 - INFO - test - processed batch 301 of 415
2024-04-03 22:26:59,625 - INFO - test - processed batch 302 of 415
2024-04-03 22:27:06,097 - INFO - test - processed batch 303 of 415
2024-04-03 22:27:12,651 - INFO - test - processed batch 304 of 415
2024-04-03 22:27:18,993 - INFO - test - processed batch 305 of 415
2024-04-03 22:27:25,350 - INFO - test - processed batch 306 of 415
2024-04-03 22:27:31,757 - INFO - test - processed batch 307 of 415
2024-04-03 22:27:38,066 - INFO - test - processed batch 308 of 415
2024-04-03 22:27:44,281 - INFO - test - processed batch 309 of 415
2024-04-03 22:27:50,488 - INFO - test - processed batch 310 of 415
2024-04-03 22:27:56,902 - INFO - test - processed batch 311 of 415
2024-04-03 22:28:03,132 - INFO - test - processed batch 312 of 415
2024-04-03 22:28:09,321 - INFO - test - processed batch 313 of 415
2024-04-03 22:28:15,793 - INFO - test - processed batch 314 of 415
2024-04-03 22:28:22,581 - INFO - test - processed batch 315 of 415
2024-04-03 22:28:29,082 - INFO - test - processed batch 316 of 415
2024-04-03 22:28:35,352 - INFO - test - processed batch 317 of 415
2024-04-03 22:28:41,645 - INFO - test - processed batch 318 of 415
2024-04-03 22:28:47,883 - INFO - test - processed batch 319 of 415
2024-04-03 22:28:54,061 - INFO - test - processed batch 320 of 415
2024-04-03 22:29:00,245 - INFO - test - processed batch 321 of 415
2024-04-03 22:29:06,343 - INFO - test - processed batch 322 of 415
2024-04-03 22:29:13,120 - INFO - test - processed batch 323 of 415
2024-04-03 22:29:19,476 - INFO - test - processed batch 324 of 415
2024-04-03 22:29:25,211 - INFO - test - processed batch 325 of 415
2024-04-03 22:29:31,033 - INFO - test - processed batch 326 of 415
2024-04-03 22:29:37,050 - INFO - test - processed batch 327 of 415
2024-04-03 22:29:42,977 - INFO - test - processed batch 328 of 415
2024-04-03 22:29:48,819 - INFO - test - processed batch 329 of 415
2024-04-03 22:29:54,842 - INFO - test - processed batch 330 of 415
2024-04-03 22:30:00,818 - INFO - test - processed batch 331 of 415
2024-04-03 22:30:06,993 - INFO - test - processed batch 332 of 415
2024-04-03 22:30:13,435 - INFO - test - processed batch 333 of 415
2024-04-03 22:30:19,542 - INFO - test - processed batch 334 of 415
2024-04-03 22:30:25,925 - INFO - test - processed batch 335 of 415
2024-04-03 22:30:32,148 - INFO - test - processed batch 336 of 415
2024-04-03 22:30:38,277 - INFO - test - processed batch 337 of 415
2024-04-03 22:30:44,509 - INFO - test - processed batch 338 of 415
2024-04-03 22:30:50,663 - INFO - test - processed batch 339 of 415
2024-04-03 22:30:56,781 - INFO - test - processed batch 340 of 415
2024-04-03 22:31:02,908 - INFO - test - processed batch 341 of 415
2024-04-03 22:31:09,180 - INFO - test - processed batch 342 of 415
2024-04-03 22:31:15,553 - INFO - test - processed batch 343 of 415
2024-04-03 22:31:21,895 - INFO - test - processed batch 344 of 415
2024-04-03 22:31:28,094 - INFO - test - processed batch 345 of 415
2024-04-03 22:31:34,278 - INFO - test - processed batch 346 of 415
2024-04-03 22:31:40,481 - INFO - test - processed batch 347 of 415
2024-04-03 22:31:46,661 - INFO - test - processed batch 348 of 415
2024-04-03 22:31:53,733 - INFO - test - processed batch 349 of 415
2024-04-03 22:32:01,390 - INFO - test - processed batch 350 of 415
2024-04-03 22:32:08,230 - INFO - test - processed batch 351 of 415
2024-04-03 22:32:15,454 - INFO - test - processed batch 352 of 415
2024-04-03 22:32:22,230 - INFO - test - processed batch 353 of 415
2024-04-03 22:32:28,587 - INFO - test - processed batch 354 of 415
2024-04-03 22:32:35,039 - INFO - test - processed batch 355 of 415
2024-04-03 22:32:41,481 - INFO - test - processed batch 356 of 415
2024-04-03 22:32:47,930 - INFO - test - processed batch 357 of 415
2024-04-03 22:32:56,714 - INFO - test - processed batch 358 of 415
2024-04-03 22:33:03,138 - INFO - test - processed batch 359 of 415
2024-04-03 22:33:09,341 - INFO - test - processed batch 360 of 415
2024-04-03 22:33:15,678 - INFO - test - processed batch 361 of 415
2024-04-03 22:33:22,042 - INFO - test - processed batch 362 of 415
2024-04-03 22:33:28,705 - INFO - test - processed batch 363 of 415
2024-04-03 22:33:35,464 - INFO - test - processed batch 364 of 415
2024-04-03 22:33:42,348 - INFO - test - processed batch 365 of 415
2024-04-03 22:33:49,424 - INFO - test - processed batch 366 of 415
2024-04-03 22:33:56,300 - INFO - test - processed batch 367 of 415
2024-04-03 22:34:05,923 - INFO - test - processed batch 368 of 415
2024-04-03 22:34:12,963 - INFO - test - processed batch 369 of 415
2024-04-03 22:34:19,922 - INFO - test - processed batch 370 of 415
2024-04-03 22:34:26,992 - INFO - test - processed batch 371 of 415
2024-04-03 22:34:33,902 - INFO - test - processed batch 372 of 415
2024-04-03 22:34:41,196 - INFO - test - processed batch 373 of 415
2024-04-03 22:34:47,721 - INFO - test - processed batch 374 of 415
2024-04-03 22:34:54,288 - INFO - test - processed batch 375 of 415
2024-04-03 22:35:01,094 - INFO - test - processed batch 376 of 415
2024-04-03 22:35:14,063 - INFO - test - processed batch 377 of 415
2024-04-03 22:35:21,805 - INFO - test - processed batch 378 of 415
2024-04-03 22:35:29,895 - INFO - test - processed batch 379 of 415
2024-04-03 22:35:37,921 - INFO - test - processed batch 380 of 415
2024-04-03 22:35:45,690 - INFO - test - processed batch 381 of 415
2024-04-03 22:35:53,180 - INFO - test - processed batch 382 of 415
2024-04-03 22:36:00,956 - INFO - test - processed batch 383 of 415
2024-04-03 22:36:08,641 - INFO - test - processed batch 384 of 415
2024-04-03 22:36:16,320 - INFO - test - processed batch 385 of 415
2024-04-03 22:36:23,895 - INFO - test - processed batch 386 of 415
2024-04-03 22:36:31,591 - INFO - test - processed batch 387 of 415
2024-04-03 22:36:39,034 - INFO - test - processed batch 388 of 415
2024-04-03 22:36:46,115 - INFO - test - processed batch 389 of 415
2024-04-03 22:36:53,127 - INFO - test - processed batch 390 of 415
2024-04-03 22:36:59,912 - INFO - test - processed batch 391 of 415
2024-04-03 22:37:06,672 - INFO - test - processed batch 392 of 415
2024-04-03 22:37:13,404 - INFO - test - processed batch 393 of 415
2024-04-03 22:37:20,351 - INFO - test - processed batch 394 of 415
2024-04-03 22:37:27,063 - INFO - test - processed batch 395 of 415
2024-04-03 22:37:33,323 - INFO - test - processed batch 396 of 415
2024-04-03 22:37:40,146 - INFO - test - processed batch 397 of 415
2024-04-03 22:37:45,949 - INFO - test - processed batch 398 of 415
2024-04-03 22:37:51,730 - INFO - test - processed batch 399 of 415
2024-04-03 22:37:57,508 - INFO - test - processed batch 400 of 415
2024-04-03 22:38:03,411 - INFO - test - processed batch 401 of 415
2024-04-03 22:38:09,147 - INFO - test - processed batch 402 of 415
2024-04-03 22:38:14,907 - INFO - test - processed batch 403 of 415
2024-04-03 22:38:20,682 - INFO - test - processed batch 404 of 415
2024-04-03 22:38:26,617 - INFO - test - processed batch 405 of 415
2024-04-03 22:38:32,808 - INFO - test - processed batch 406 of 415
2024-04-03 22:38:38,757 - INFO - test - processed batch 407 of 415
2024-04-03 22:38:44,611 - INFO - test - processed batch 408 of 415
2024-04-03 22:38:50,411 - INFO - test - processed batch 409 of 415
2024-04-03 22:38:56,445 - INFO - test - processed batch 410 of 415
2024-04-03 22:39:02,723 - INFO - test - processed batch 411 of 415
2024-04-03 22:39:08,832 - INFO - test - processed batch 412 of 415
2024-04-03 22:39:14,950 - INFO - test - processed batch 413 of 415
2024-04-03 22:39:21,656 - INFO - test - processed batch 414 of 415
2024-04-03 22:39:27,654 - INFO - test - processed batch 415 of 415
 100% || 121722/121722 [28.9s elapsed, 0s remaining, 5.2K samples/s]
2024-04-03 22:39:57,047 - INFO -  100% || 121722/121722 [28.9s elapsed, 0s remaining, 5.2K samples/s]
2024-04-03 22:40:01,710 - INFO - Computing embeddings...
Computing embeddings...
 100% || 121722/121722 [38.5m elapsed, 0s remaining, 40.4 samples/s]
2024-04-03 23:18:34,633 - INFO -  100% || 121722/121722 [38.5m elapsed, 0s remaining, 40.4 samples/s]
Computing uniqueness...
Computing neighbors for 121722 embeddings; this may take awhile...
2024-04-03 23:18:36,339 - INFO - Computing uniqueness...
2024-04-03 23:18:36,339 - INFO - Computing neighbors for 121722 embeddings; this may take awhile...
/Users/drhoffma/PycharmProjects/v51/venv/lib/python3.8/site-packages/threadpoolctl.py:1223: RuntimeWarning:
Found Intel OpenMP ('libiomp') and LLVM OpenMP ('libomp') loaded at
the same time. Both libraries are known to be incompatible and this
can cause random crashes or deadlocks on Linux when loaded in the
same Python program.
Using threadpoolctl may cause crashes or deadlocks. For more
information and possible workarounds, please see
    https://github.com/joblib/threadpoolctl/blob/master/multiple_openmp.md

  warnings.warn(msg, RuntimeWarning)
Uniqueness computation complete
2024-04-03 23:28:11,676 - INFO - Uniqueness computation complete
2024-04-03 23:28:11,955 - INFO - launching FiftyOne!
2024-04-03 23:29:36,796 - INFO - App launched. Point your web browser to http://localhost:6161
App launched. Point your web browser to http://localhost:6161
